Using pre-set license
Built from '2022.3/staging' branch; Version is '2022.3.13f1 (5f90a5ebde0f) revision 6262949'; Using compiler version '192829333'; Build Type 'Release'
OS: 'Windows 11  (10.0.22621) 64bit CoreSingleLanguage' Language: 'en' Physical Memory: 16167 MB
BatchMode: 1, IsHumanControllingUs: 0, StartBugReporterOnCrash: 0, Is64bit: 1, IsPro: 1

COMMAND LINE ARGUMENTS:
C:\Program Files\Unity\Hub\Editor\2022.3.13f1\Editor\Unity.exe
-adb2
-batchMode
-noUpm
-name
AssetImportWorker0
-projectPath
C:/Users/anant/OneDrive/Desktop/arvr military
-logFile
Logs/AssetImportWorker0.log
-srvPort
50651
Successfully changed project path to: C:/Users/anant/OneDrive/Desktop/arvr military
C:/Users/anant/OneDrive/Desktop/arvr military
[UnityMemory] Configuration Parameters - Can be set up in boot.config
    "memorysetup-bucket-allocator-granularity=16"
    "memorysetup-bucket-allocator-bucket-count=8"
    "memorysetup-bucket-allocator-block-size=33554432"
    "memorysetup-bucket-allocator-block-count=8"
    "memorysetup-main-allocator-block-size=16777216"
    "memorysetup-thread-allocator-block-size=16777216"
    "memorysetup-gfx-main-allocator-block-size=16777216"
    "memorysetup-gfx-thread-allocator-block-size=16777216"
    "memorysetup-cache-allocator-block-size=4194304"
    "memorysetup-typetree-allocator-block-size=2097152"
    "memorysetup-profiler-bucket-allocator-granularity=16"
    "memorysetup-profiler-bucket-allocator-bucket-count=8"
    "memorysetup-profiler-bucket-allocator-block-size=33554432"
    "memorysetup-profiler-bucket-allocator-block-count=8"
    "memorysetup-profiler-allocator-block-size=16777216"
    "memorysetup-profiler-editor-allocator-block-size=1048576"
    "memorysetup-temp-allocator-size-main=16777216"
    "memorysetup-job-temp-allocator-block-size=2097152"
    "memorysetup-job-temp-allocator-block-size-background=1048576"
    "memorysetup-job-temp-allocator-reduction-small-platforms=262144"
    "memorysetup-allocator-temp-initial-block-size-main=262144"
    "memorysetup-allocator-temp-initial-block-size-worker=262144"
    "memorysetup-temp-allocator-size-background-worker=32768"
    "memorysetup-temp-allocator-size-job-worker=262144"
    "memorysetup-temp-allocator-size-preload-manager=33554432"
    "memorysetup-temp-allocator-size-nav-mesh-worker=65536"
    "memorysetup-temp-allocator-size-audio-worker=65536"
    "memorysetup-temp-allocator-size-cloud-worker=32768"
    "memorysetup-temp-allocator-size-gi-baking-worker=262144"
    "memorysetup-temp-allocator-size-gfx=262144"
Player connection [11612] Host "[IP] 192.168.1.10 [Port] 0 [Flags] 2 [Guid] 1888506425 [EditorId] 1888506425 [Version] 1048832 [Id] WindowsEditor(7,LAPTOP-M6C9HKEI) [Debug] 1 [PackageName] WindowsEditor [ProjectName] Editor" joined multi-casting on [225.0.0.222:54997]...

Player connection [11612] Host "[IP] 192.168.1.10 [Port] 0 [Flags] 2 [Guid] 1888506425 [EditorId] 1888506425 [Version] 1048832 [Id] WindowsEditor(7,LAPTOP-M6C9HKEI) [Debug] 1 [PackageName] WindowsEditor [ProjectName] Editor" joined alternative multi-casting on [225.0.0.222:34997]...

[Physics::Module] Initialized MultithreadedJobDispatcher with 7 workers.
Refreshing native plugins compatible for Editor in 2631.79 ms, found 3 plugins.
Preloading 0 native plugins for Editor in 0.00 ms.
Initialize engine version: 2022.3.13f1 (5f90a5ebde0f)
[Subsystems] Discovering subsystems at path C:/Program Files/Unity/Hub/Editor/2022.3.13f1/Editor/Data/Resources/UnitySubsystems
[Subsystems] Discovering subsystems at path C:/Users/anant/OneDrive/Desktop/arvr military/Assets
GfxDevice: creating device client; threaded=0; jobified=0
Direct3D:
    Version:  Direct3D 11.0 [level 11.1]
    Renderer: Intel(R) Iris(R) Xe Graphics (ID=0x9a49)
    Vendor:   Intel
    VRAM:     8083 MB
    Driver:   30.0.101.1692
Initialize mono
Mono path[0] = 'C:/Program Files/Unity/Hub/Editor/2022.3.13f1/Editor/Data/Managed'
Mono path[1] = 'C:/Program Files/Unity/Hub/Editor/2022.3.13f1/Editor/Data/MonoBleedingEdge/lib/mono/unityjit-win32'
Mono config path = 'C:/Program Files/Unity/Hub/Editor/2022.3.13f1/Editor/Data/MonoBleedingEdge/etc'
Using monoOptions --debugger-agent=transport=dt_socket,embedding=1,server=y,suspend=n,address=127.0.0.1:56132
Begin MonoManager ReloadAssembly
Registering precompiled unity dll's ...
Register platform support module: C:/Program Files/Unity/Hub/Editor/2022.3.13f1/Editor/Data/PlaybackEngines/WebGLSupport/UnityEditor.WebGL.Extensions.dll
Register platform support module: C:/Program Files/Unity/Hub/Editor/2022.3.13f1/Editor/Data/PlaybackEngines/WindowsStandaloneSupport/UnityEditor.WindowsStandalone.Extensions.dll
Registered in 0.258666 seconds.
- Loaded All Assemblies, in  7.844 seconds
Native extension for WindowsStandalone target not found
Native extension for WebGL target not found
Mono: successfully reloaded assembly
- Finished resetting the current domain, in  0.355 seconds
Domain Reload Profiling: 8197ms
	BeginReloadAssembly (5665ms)
		ExecutionOrderSort (0ms)
		DisableScriptedObjects (0ms)
		BackupInstance (0ms)
		ReleaseScriptingObjects (0ms)
		CreateAndSetChildDomain (1ms)
	RebuildCommonClasses (506ms)
	RebuildNativeTypeToScriptingClass (15ms)
	initialDomainReloadingComplete (328ms)
	LoadAllAssembliesAndSetupDomain (1328ms)
		LoadAssemblies (5659ms)
		RebuildTransferFunctionScriptingTraits (0ms)
		AnalyzeDomain (1325ms)
			TypeCache.Refresh (1323ms)
				TypeCache.ScanAssembly (977ms)
			ScanForSourceGeneratedMonoScriptInfo (1ms)
			ResolveRequiredComponents (1ms)
	FinalizeReload (356ms)
		ReleaseScriptCaches (0ms)
		RebuildScriptCaches (0ms)
		SetupLoadedEditorAssemblies (276ms)
			LogAssemblyErrors (0ms)
			InitializePlatformSupportModulesInManaged (15ms)
			SetLoadedEditorAssemblies (8ms)
			RefreshPlugins (0ms)
			BeforeProcessingInitializeOnLoad (3ms)
			ProcessInitializeOnLoadAttributes (174ms)
			ProcessInitializeOnLoadMethodAttributes (76ms)
			AfterProcessingInitializeOnLoad (0ms)
			EditorAssembliesLoaded (0ms)
		ExecutionOrderSort2 (0ms)
		AwakeInstancesAfterBackupRestoration (0ms)
========================================================================
Worker process is ready to serve import requests
Begin MonoManager ReloadAssembly
- Loaded All Assemblies, in  7.999 seconds
Refreshing native plugins compatible for Editor in 5.81 ms, found 3 plugins.
Native extension for WindowsStandalone target not found
Native extension for WebGL target not found
Package Manager log level set to [2]
[Package Manager] Server::EnsureServerProcessIsRunning -- launch failed, reason: Unity was launched with the -noUpm command-line argument
[Package Manager] UpmClient::Send -- Unable to send message (not connected to UPM process).
[Package Manager] Cannot connect to Unity Package Manager local server
Mono: successfully reloaded assembly
- Finished resetting the current domain, in  0.790 seconds
Domain Reload Profiling: 8784ms
	BeginReloadAssembly (259ms)
		ExecutionOrderSort (0ms)
		DisableScriptedObjects (9ms)
		BackupInstance (0ms)
		ReleaseScriptingObjects (0ms)
		CreateAndSetChildDomain (45ms)
	RebuildCommonClasses (44ms)
	RebuildNativeTypeToScriptingClass (17ms)
	initialDomainReloadingComplete (75ms)
	LoadAllAssembliesAndSetupDomain (7599ms)
		LoadAssemblies (6730ms)
		RebuildTransferFunctionScriptingTraits (0ms)
		AnalyzeDomain (1001ms)
			TypeCache.Refresh (974ms)
				TypeCache.ScanAssembly (874ms)
			ScanForSourceGeneratedMonoScriptInfo (19ms)
			ResolveRequiredComponents (6ms)
	FinalizeReload (791ms)
		ReleaseScriptCaches (0ms)
		RebuildScriptCaches (0ms)
		SetupLoadedEditorAssemblies (571ms)
			LogAssemblyErrors (0ms)
			InitializePlatformSupportModulesInManaged (12ms)
			SetLoadedEditorAssemblies (5ms)
			RefreshPlugins (0ms)
			BeforeProcessingInitializeOnLoad (80ms)
			ProcessInitializeOnLoadAttributes (439ms)
			ProcessInitializeOnLoadMethodAttributes (27ms)
			AfterProcessingInitializeOnLoad (8ms)
			EditorAssembliesLoaded (0ms)
		ExecutionOrderSort2 (0ms)
		AwakeInstancesAfterBackupRestoration (10ms)
Launched and connected shader compiler UnityShaderCompiler.exe after 0.05 seconds
Refreshing native plugins compatible for Editor in 4.08 ms, found 3 plugins.
Preloading 0 native plugins for Editor in 0.00 ms.
Unloading 3085 Unused Serialized files (Serialized files now loaded: 0)
Unloading 32 unused Assets / (56.7 KB). Loaded Objects now: 3552.
Memory consumption went from 122.8 MB to 122.8 MB.
Total: 3.612600 ms (FindLiveObjects: 0.298200 ms CreateObjectMapping: 0.149100 ms MarkObjects: 3.049900 ms  DeleteObjects: 0.113800 ms)

AssetImportParameters requested are different than current active one (requested -> active):
  custom:container-demuxer-ogg: 62fdf1f143b41e24485cea50d1cbac27 -> 
  custom:video-codec-MediaFoundation-h265: 746d11721c4dcdbdad8f713fa42b33f4 -> 
  custom:video-decoder-ogg-theora: a1e56fd34408186e4bbccfd4996cb3dc -> 
  custom:framework-win-MediaFoundation: 216162199b28c13a410421893ffa2e32 -> 
  custom:CustomObjectIndexerAttribute: 756ad292c208cfabdd7b50bc23989ffe -> 
  custom:container-demuxer-webm: 4f35f7cbe854078d1ac9338744f61a02 -> 
  custom:container-muxer-webm: aa71ff27fc2769a1b78a27578f13a17b -> 
  custom:video-decoder-webm-vp8: 9c59270c3fd7afecdb556c50c9e8de78 -> 
  custom:SearchIndexIgnoredProperties: e643bd26f0fe6173181afceb89e7c659 -> 
  custom:AudioImporter_EditorPlatform: d09bf68614088b80899f8185d706f6e7 -> 
  custom:video-encoder-webm-vp8: eb34c28f22e8b96e1ab97ce403110664 -> 
  custom:audio-decoder-ogg-vorbis: bf7c407c2cedff20999df2af8eb42d56 -> 
  custom:audio-encoder-webm-vorbis: bf7c407c2cedff20999df2af8eb42d56 -> 
========================================================================
Received Import Request.
  Time since last request: 1594088.463627 seconds.
  path: Assets/MBCP/Prefabs/Props/Chair_D.prefab
  artifactKey: Guid(3c3a2c1a15122bc4aa9677084bcb3930) Importer(815301076,1909f56bfc062723c751e8b465ee728b)
Start importing Assets/MBCP/Prefabs/Props/Chair_D.prefab using Guid(3c3a2c1a15122bc4aa9677084bcb3930) Importer(815301076,1909f56bfc062723c751e8b465ee728b)  -> (artifact id: '842cd8a20f90170d00792c94a5c03d5f') in 0.321027 seconds
Number of updated asset objects reloaded before import = 0
Number of asset objects unloaded after import = 19
========================================================================
Received Import Request.
  Time since last request: 0.000163 seconds.
  path: Assets/MBCP/Prefabs/Props/Bottle3.prefab
  artifactKey: Guid(95d6525fc7fd0af4d9921952bbca0409) Importer(815301076,1909f56bfc062723c751e8b465ee728b)
Start importing Assets/MBCP/Prefabs/Props/Bottle3.prefab using Guid(95d6525fc7fd0af4d9921952bbca0409) Importer(815301076,1909f56bfc062723c751e8b465ee728b)  -> (artifact id: 'f8f1df671b85e5f2a52b6fc2e3f7e58b') in 0.701326 seconds
Number of updated asset objects reloaded before import = 0
Number of asset objects unloaded after import = 18
========================================================================
Received Import Request.
  Time since last request: 0.000077 seconds.
  path: Assets/MBCP/Prefabs/Props/Crate_E.prefab
  artifactKey: Guid(2ca176063c986524fa55184f2d8090a9) Importer(815301076,1909f56bfc062723c751e8b465ee728b)
Start importing Assets/MBCP/Prefabs/Props/Crate_E.prefab using Guid(2ca176063c986524fa55184f2d8090a9) Importer(815301076,1909f56bfc062723c751e8b465ee728b)  -> (artifact id: 'ac275f853e37052270357745eb49d6d4') in 0.101104 seconds
Number of updated asset objects reloaded before import = 0
Number of asset objects unloaded after import = 13
========================================================================
Received Import Request.
  Time since last request: 0.000058 seconds.
  path: Assets/MBCP/Prefabs/Props/Cupboard_B.prefab
  artifactKey: Guid(814e0a82140032f4e88b2153ce3d462a) Importer(815301076,1909f56bfc062723c751e8b465ee728b)
Start importing Assets/MBCP/Prefabs/Props/Cupboard_B.prefab using Guid(814e0a82140032f4e88b2153ce3d462a) Importer(815301076,1909f56bfc062723c751e8b465ee728b)  -> (artifact id: '763c3acb223bc1b634a3700213c7a361') in 0.110787 seconds
Number of updated asset objects reloaded before import = 0
Number of asset objects unloaded after import = 13
========================================================================
Received Import Request.
  Time since last request: 0.000083 seconds.
  path: Assets/MBCP/Prefabs/Props/Cash.prefab
  artifactKey: Guid(dce4ad3116eeaff4994a73d8951c520d) Importer(815301076,1909f56bfc062723c751e8b465ee728b)
Start importing Assets/MBCP/Prefabs/Props/Cash.prefab using Guid(dce4ad3116eeaff4994a73d8951c520d) Importer(815301076,1909f56bfc062723c751e8b465ee728b)  -> (artifact id: '73bc7b2181d19a3976f2fb44b0e3b3ef') in 0.158136 seconds
Number of updated asset objects reloaded before import = 0
Number of asset objects unloaded after import = 13
========================================================================
Received Import Request.
  Time since last request: 0.000037 seconds.
  path: Assets/MBCP/Prefabs/Props/Crate_A.prefab
  artifactKey: Guid(88a6f701faf65324e8ffa482251e9d9f) Importer(815301076,1909f56bfc062723c751e8b465ee728b)
Start importing Assets/MBCP/Prefabs/Props/Crate_A.prefab using Guid(88a6f701faf65324e8ffa482251e9d9f) Importer(815301076,1909f56bfc062723c751e8b465ee728b)  -> (artifact id: '919c16e4db8cc865576e438c820ca9a8') in 0.214638 seconds
Number of updated asset objects reloaded before import = 0
Number of asset objects unloaded after import = 13
========================================================================
Received Import Request.
  Time since last request: 0.000046 seconds.
  path: Assets/MBCP/Prefabs/Props/Bed_D.prefab
  artifactKey: Guid(be8becf9321adf2478e4015ce92dd9d4) Importer(815301076,1909f56bfc062723c751e8b465ee728b)
Start importing Assets/MBCP/Prefabs/Props/Bed_D.prefab using Guid(be8becf9321adf2478e4015ce92dd9d4) Importer(815301076,1909f56bfc062723c751e8b465ee728b)  -> (artifact id: '22577a1a50118896e48b6a783093a9c6') in 0.258129 seconds
Number of updated asset objects reloaded before import = 0
Number of asset objects unloaded after import = 24
========================================================================
Received Import Request.
  Time since last request: 0.000036 seconds.
  path: Assets/MBCP/Prefabs/Props/Bench.prefab
  artifactKey: Guid(991393c4be68ac043a450c0655f03674) Importer(815301076,1909f56bfc062723c751e8b465ee728b)
Start importing Assets/MBCP/Prefabs/Props/Bench.prefab using Guid(991393c4be68ac043a450c0655f03674) Importer(815301076,1909f56bfc062723c751e8b465ee728b)  -> (artifact id: '2c9965df63b38bf837d3dc60adedf511') in 0.122187 seconds
Number of updated asset objects reloaded before import = 0
Number of asset objects unloaded after import = 13
========================================================================
Received Import Request.
  Time since last request: 375.344175 seconds.
  path: Assets/MBCP/Prefabs/Doors/Wall_Door_A.prefab
  artifactKey: Guid(47fbf056f3ff83942b6e9bd0f506afd1) Importer(815301076,1909f56bfc062723c751e8b465ee728b)
Start importing Assets/MBCP/Prefabs/Doors/Wall_Door_A.prefab using Guid(47fbf056f3ff83942b6e9bd0f506afd1) Importer(815301076,1909f56bfc062723c751e8b465ee728b)  -> (artifact id: 'be646c5bba73e2cf90c97df1ff93d5f7') in 0.294574 seconds
Number of updated asset objects reloaded before import = 0
Number of asset objects unloaded after import = 70
========================================================================
Received Import Request.
  Time since last request: 0.000037 seconds.
  path: Assets/MBCP/Prefabs/Doors
  artifactKey: Guid(9b126dd1bb4555e4d8412a9810b5b3ee) Importer(815301076,1909f56bfc062723c751e8b465ee728b)
Start importing Assets/MBCP/Prefabs/Doors using Guid(9b126dd1bb4555e4d8412a9810b5b3ee) Importer(815301076,1909f56bfc062723c751e8b465ee728b)  -> (artifact id: 'd3e1e0acc87821afa1d07da56f66389f') in 0.002481 seconds
Number of updated asset objects reloaded before import = 0
Number of asset objects unloaded after import = 0
========================================================================
Received Import Request.
  Time since last request: 0.000059 seconds.
  path: Assets/MBCP/Prefabs/Doors/Wall_Door_D.prefab
  artifactKey: Guid(171891251982da5488ab47331fbd6657) Importer(815301076,1909f56bfc062723c751e8b465ee728b)
Start importing Assets/MBCP/Prefabs/Doors/Wall_Door_D.prefab using Guid(171891251982da5488ab47331fbd6657) Importer(815301076,1909f56bfc062723c751e8b465ee728b)  -> (artifact id: '7dfaf883b79816e6701c6f32166cafc3') in 0.345205 seconds
Number of updated asset objects reloaded before import = 0
Number of asset objects unloaded after import = 73
========================================================================
Received Import Request.
  Time since last request: 665.629841 seconds.
  path: Assets/MBCP/Prefabs/Lamps/Lamp1_Red.prefab
  artifactKey: Guid(9bf54fc0ae4ec9a4e9e9983004bfa248) Importer(815301076,1909f56bfc062723c751e8b465ee728b)
Start importing Assets/MBCP/Prefabs/Lamps/Lamp1_Red.prefab using Guid(9bf54fc0ae4ec9a4e9e9983004bfa248) Importer(815301076,1909f56bfc062723c751e8b465ee728b)  -> (artifact id: 'daecf57492d32cf20b90165051f3a056') in 0.197555 seconds
Number of updated asset objects reloaded before import = 0
Number of asset objects unloaded after import = 18
========================================================================
Received Import Request.
  Time since last request: 0.000034 seconds.
  path: Assets/MBCP/Prefabs/Lamps/Lamp4 OFF.prefab
  artifactKey: Guid(e60a9cf90916a8948827fe8f08da2e37) Importer(815301076,1909f56bfc062723c751e8b465ee728b)
Start importing Assets/MBCP/Prefabs/Lamps/Lamp4 OFF.prefab using Guid(e60a9cf90916a8948827fe8f08da2e37) Importer(815301076,1909f56bfc062723c751e8b465ee728b)  -> (artifact id: '1e1b3d2f648172db01d503b8c2d2dbde') in 0.188311 seconds
Number of updated asset objects reloaded before import = 0
Number of asset objects unloaded after import = 18
========================================================================
Received Import Request.
  Time since last request: 0.000045 seconds.
  path: Assets/MBCP/Prefabs/Lamps/Lamp2.prefab
  artifactKey: Guid(bec64ea1e0dfdc04fbc6f75b902b2e1a) Importer(815301076,1909f56bfc062723c751e8b465ee728b)
Start importing Assets/MBCP/Prefabs/Lamps/Lamp2.prefab using Guid(bec64ea1e0dfdc04fbc6f75b902b2e1a) Importer(815301076,1909f56bfc062723c751e8b465ee728b)  -> (artifact id: 'dfbdf05d7cd80702dda0ff1277540fcd') in 0.135780 seconds
Number of updated asset objects reloaded before import = 0
Number of asset objects unloaded after import = 28
========================================================================
Received Import Request.
  Time since last request: 0.000033 seconds.
  path: Assets/MBCP/Prefabs/Lamps/Lamp3.prefab
  artifactKey: Guid(cda8738403ef4044dbafe7798cc524f6) Importer(815301076,1909f56bfc062723c751e8b465ee728b)
Start importing Assets/MBCP/Prefabs/Lamps/Lamp3.prefab using Guid(cda8738403ef4044dbafe7798cc524f6) Importer(815301076,1909f56bfc062723c751e8b465ee728b)  -> (artifact id: '1fa46caeda3f2201fccc01f1692f58de') in 0.112675 seconds
Number of updated asset objects reloaded before import = 0
Number of asset objects unloaded after import = 18
========================================================================
Received Import Request.
  Time since last request: 0.000031 seconds.
  path: Assets/MBCP/Prefabs/Lamps/Lamp2 OFF.prefab
  artifactKey: Guid(ac2103b4fc68f1147ab0644aad3c3ce3) Importer(815301076,1909f56bfc062723c751e8b465ee728b)
Start importing Assets/MBCP/Prefabs/Lamps/Lamp2 OFF.prefab using Guid(ac2103b4fc68f1147ab0644aad3c3ce3) Importer(815301076,1909f56bfc062723c751e8b465ee728b)  -> (artifact id: '438793d8165244974ed144ab24ecaae4') in 0.152445 seconds
Number of updated asset objects reloaded before import = 0
Number of asset objects unloaded after import = 18
========================================================================
Received Import Request.
  Time since last request: 0.000039 seconds.
  path: Assets/MBCP/Prefabs/Lamps/Lamp1_White.prefab
  artifactKey: Guid(95e2a5fed709dc44a8e36176ae1d6293) Importer(815301076,1909f56bfc062723c751e8b465ee728b)
Start importing Assets/MBCP/Prefabs/Lamps/Lamp1_White.prefab using Guid(95e2a5fed709dc44a8e36176ae1d6293) Importer(815301076,1909f56bfc062723c751e8b465ee728b)  -> (artifact id: '408df10b1324a064586f2a325d84945e') in 0.110738 seconds
Number of updated asset objects reloaded before import = 0
Number of asset objects unloaded after import = 18
========================================================================
Received Import Request.
  Time since last request: 0.000037 seconds.
  path: Assets/MBCP/Prefabs/Lamps
  artifactKey: Guid(03d5c7d5a3c2f804bacbd827f744d1b0) Importer(815301076,1909f56bfc062723c751e8b465ee728b)
Start importing Assets/MBCP/Prefabs/Lamps using Guid(03d5c7d5a3c2f804bacbd827f744d1b0) Importer(815301076,1909f56bfc062723c751e8b465ee728b)  -> (artifact id: 'bff171f0e6ecb5f3287796e3680d684d') in 0.010862 seconds
Number of updated asset objects reloaded before import = 0
Number of asset objects unloaded after import = 0
========================================================================
Received Import Request.
  Time since last request: 496.433245 seconds.
  path: Assets/MBCP/Prefabs/Decals/Buttons.prefab
  artifactKey: Guid(08f5d3c1b564b5b44963595595bedbec) Importer(815301076,1909f56bfc062723c751e8b465ee728b)
Start importing Assets/MBCP/Prefabs/Decals/Buttons.prefab using Guid(08f5d3c1b564b5b44963595595bedbec) Importer(815301076,1909f56bfc062723c751e8b465ee728b)  -> (artifact id: 'd22ee3ec03908b1bbccd6d3fd233ef53') in 0.174358 seconds
Number of updated asset objects reloaded before import = 0
Number of asset objects unloaded after import = 13
========================================================================
Received Import Request.
  Time since last request: 1988.625331 seconds.
  path: Assets/MBCP/Prefabs/Props/Bottle4.prefab
  artifactKey: Guid(4351ac42f1bd4404ba00bc950e6ff913) Importer(815301076,1909f56bfc062723c751e8b465ee728b)
Start importing Assets/MBCP/Prefabs/Props/Bottle4.prefab using Guid(4351ac42f1bd4404ba00bc950e6ff913) Importer(815301076,1909f56bfc062723c751e8b465ee728b)  -> (artifact id: 'dd02b2bd40add175cf14d25c8ac6fd0d') in 0.411522 seconds
Number of updated asset objects reloaded before import = 0
Number of asset objects unloaded after import = 23
========================================================================
Received Import Request.
  Time since last request: 0.000066 seconds.
  path: Assets/MBCP/Prefabs/Props/Desk_B.prefab
  artifactKey: Guid(58d66ba84eb0ccc42be5cb8d9a1364ba) Importer(815301076,1909f56bfc062723c751e8b465ee728b)
Start importing Assets/MBCP/Prefabs/Props/Desk_B.prefab using Guid(58d66ba84eb0ccc42be5cb8d9a1364ba) Importer(815301076,1909f56bfc062723c751e8b465ee728b)  -> (artifact id: 'e3cf91bf429398aab2991c7fd8f76095') in 0.185315 seconds
Number of updated asset objects reloaded before import = 0
Number of asset objects unloaded after import = 44
========================================================================
Received Import Request.
  Time since last request: 0.000221 seconds.
  path: Assets/MBCP/Prefabs/Props/Fusebox_A.prefab
  artifactKey: Guid(94d698c3526090c4bbbe9f05ac6dc386) Importer(815301076,1909f56bfc062723c751e8b465ee728b)
Start importing Assets/MBCP/Prefabs/Props/Fusebox_A.prefab using Guid(94d698c3526090c4bbbe9f05ac6dc386) Importer(815301076,1909f56bfc062723c751e8b465ee728b)  -> (artifact id: 'f49e3e6d57ad3cef2b1228fdded87720') in 0.219519 seconds
Number of updated asset objects reloaded before import = 0
Number of asset objects unloaded after import = 13
========================================================================
Received Import Request.
  Time since last request: 0.000034 seconds.
  path: Assets/MBCP/Prefabs/Props/Canister_A.prefab
  artifactKey: Guid(ba3afa181b56b4e40a0bd3b565b868ae) Importer(815301076,1909f56bfc062723c751e8b465ee728b)
Start importing Assets/MBCP/Prefabs/Props/Canister_A.prefab using Guid(ba3afa181b56b4e40a0bd3b565b868ae) Importer(815301076,1909f56bfc062723c751e8b465ee728b)  -> (artifact id: '3b2bec88ef72702479c536e97c63ab15') in 0.139737 seconds
Number of updated asset objects reloaded before import = 0
Number of asset objects unloaded after import = 22
========================================================================
Received Import Request.
  Time since last request: 0.000049 seconds.
  path: Assets/MBCP/Prefabs/Props/Crate_D.prefab
  artifactKey: Guid(9f51e6df06fee9b40972e58b9572f207) Importer(815301076,1909f56bfc062723c751e8b465ee728b)
Start importing Assets/MBCP/Prefabs/Props/Crate_D.prefab using Guid(9f51e6df06fee9b40972e58b9572f207) Importer(815301076,1909f56bfc062723c751e8b465ee728b)  -> (artifact id: '6551ba55b1850d0334733d7881172b36') in 0.182951 seconds
Number of updated asset objects reloaded before import = 0
Number of asset objects unloaded after import = 27
========================================================================
Received Import Request.
  Time since last request: 0.000042 seconds.
  path: Assets/MBCP/Prefabs/Props/Cinderblock.prefab
  artifactKey: Guid(7c5cfa238aab97943a4d4bc63ec65c9b) Importer(815301076,1909f56bfc062723c751e8b465ee728b)
Start importing Assets/MBCP/Prefabs/Props/Cinderblock.prefab using Guid(7c5cfa238aab97943a4d4bc63ec65c9b) Importer(815301076,1909f56bfc062723c751e8b465ee728b)  -> (artifact id: '61ae9a7bb27e80e94104531ee0103f96') in 0.074083 seconds
Number of updated asset objects reloaded before import = 0
Number of asset objects unloaded after import = 13
========================================================================
Received Import Request.
  Time since last request: 0.000036 seconds.
  path: Assets/MBCP/Prefabs/Props/Gauges_3.prefab
  artifactKey: Guid(5ee369bb2a861f1449e13e0531e17b09) Importer(815301076,1909f56bfc062723c751e8b465ee728b)
Start importing Assets/MBCP/Prefabs/Props/Gauges_3.prefab using Guid(5ee369bb2a861f1449e13e0531e17b09) Importer(815301076,1909f56bfc062723c751e8b465ee728b)  -> (artifact id: '5a43bcfd7db1731ff54643cbfbe85bc7') in 0.330948 seconds
Number of updated asset objects reloaded before import = 0
Number of asset objects unloaded after import = 24
========================================================================
Received Import Request.
  Time since last request: 0.000046 seconds.
  path: Assets/MBCP/Prefabs/Props/Desk_A.prefab
  artifactKey: Guid(10c856440ad9fa54d9f04c8e9e47a13d) Importer(815301076,1909f56bfc062723c751e8b465ee728b)
Start importing Assets/MBCP/Prefabs/Props/Desk_A.prefab using Guid(10c856440ad9fa54d9f04c8e9e47a13d) Importer(815301076,1909f56bfc062723c751e8b465ee728b)  -> (artifact id: '1e29545f010706ade37294fae07798de') in 0.144740 seconds
Number of updated asset objects reloaded before import = 0
Number of asset objects unloaded after import = 44
========================================================================
Received Import Request.
  Time since last request: 0.000032 seconds.
  path: Assets/MBCP/Prefabs/Props/Canister_Dual.prefab
  artifactKey: Guid(f825e8c2625178447a1836a6cd0c3791) Importer(815301076,1909f56bfc062723c751e8b465ee728b)
Start importing Assets/MBCP/Prefabs/Props/Canister_Dual.prefab using Guid(f825e8c2625178447a1836a6cd0c3791) Importer(815301076,1909f56bfc062723c751e8b465ee728b)  -> (artifact id: '09a01a0a27edb704551382c108ba37a9') in 0.223077 seconds
Number of updated asset objects reloaded before import = 0
Number of asset objects unloaded after import = 27
========================================================================
Received Import Request.
  Time since last request: 0.000090 seconds.
  path: Assets/MBCP/Prefabs/Props/Desk_C.prefab
  artifactKey: Guid(e86b5258b2f83d944a459e64e33ddd20) Importer(815301076,1909f56bfc062723c751e8b465ee728b)
Start importing Assets/MBCP/Prefabs/Props/Desk_C.prefab using Guid(e86b5258b2f83d944a459e64e33ddd20) Importer(815301076,1909f56bfc062723c751e8b465ee728b)  -> (artifact id: '52fcb40518f86f81aad09a59312029db') in 0.179824 seconds
Number of updated asset objects reloaded before import = 0
Number of asset objects unloaded after import = 56
========================================================================
Received Import Request.
  Time since last request: 0.000149 seconds.
  path: Assets/MBCP/Prefabs/Props/Bottle7.prefab
  artifactKey: Guid(988ae1231bd7331499935205bce5f003) Importer(815301076,1909f56bfc062723c751e8b465ee728b)
Start importing Assets/MBCP/Prefabs/Props/Bottle7.prefab using Guid(988ae1231bd7331499935205bce5f003) Importer(815301076,1909f56bfc062723c751e8b465ee728b)  -> (artifact id: 'f7993c208d8b0374e67dbbd8fbc2106a') in 0.213749 seconds
Number of updated asset objects reloaded before import = 0
Number of asset objects unloaded after import = 21
========================================================================
Received Import Request.
  Time since last request: 0.000056 seconds.
  path: Assets/MBCP/Prefabs/Props/Cabinet.prefab
  artifactKey: Guid(8af238b642167e84ab3c899ab9574f46) Importer(815301076,1909f56bfc062723c751e8b465ee728b)
Start importing Assets/MBCP/Prefabs/Props/Cabinet.prefab using Guid(8af238b642167e84ab3c899ab9574f46) Importer(815301076,1909f56bfc062723c751e8b465ee728b)  -> (artifact id: '97a8fde3320a2356fb5ff6a57d11abe1') in 0.339787 seconds
Number of updated asset objects reloaded before import = 0
Number of asset objects unloaded after import = 75
========================================================================
Received Import Request.
  Time since last request: 0.000080 seconds.
  path: Assets/MBCP/Prefabs/Props/Canister_B.prefab
  artifactKey: Guid(a6511d7151cea6a439d472c84e1c3380) Importer(815301076,1909f56bfc062723c751e8b465ee728b)
Start importing Assets/MBCP/Prefabs/Props/Canister_B.prefab using Guid(a6511d7151cea6a439d472c84e1c3380) Importer(815301076,1909f56bfc062723c751e8b465ee728b)  -> (artifact id: '467de54d7f0581f67743899569c473c8') in 0.139094 seconds
Number of updated asset objects reloaded before import = 0
Number of asset objects unloaded after import = 22
========================================================================
Received Import Request.
  Time since last request: 0.000041 seconds.
  path: Assets/MBCP/Prefabs/Props/Fusebox_B.prefab
  artifactKey: Guid(36bbf404d99f6904580c06a33ebf8b1e) Importer(815301076,1909f56bfc062723c751e8b465ee728b)
Start importing Assets/MBCP/Prefabs/Props/Fusebox_B.prefab using Guid(36bbf404d99f6904580c06a33ebf8b1e) Importer(815301076,1909f56bfc062723c751e8b465ee728b)  -> (artifact id: 'deb8ed80bdeca861c253c3c542972980') in 0.105887 seconds
Number of updated asset objects reloaded before import = 0
Number of asset objects unloaded after import = 13
========================================================================
Received Import Request.
  Time since last request: 0.000035 seconds.
  path: Assets/MBCP/Prefabs/Props/Fusebox_C.prefab
  artifactKey: Guid(5a22ab97581ca9442ad01f3554c37149) Importer(815301076,1909f56bfc062723c751e8b465ee728b)
Start importing Assets/MBCP/Prefabs/Props/Fusebox_C.prefab using Guid(5a22ab97581ca9442ad01f3554c37149) Importer(815301076,1909f56bfc062723c751e8b465ee728b)  -> (artifact id: 'debe941cbd130e44e98ef3a415fc4a7b') in 0.100509 seconds
Number of updated asset objects reloaded before import = 0
Number of asset objects unloaded after import = 13
========================================================================
Received Import Request.
  Time since last request: 0.000074 seconds.
  path: Assets/MBCP/Prefabs/Props/Fusebox_G.prefab
  artifactKey: Guid(5ef58180dde6efc4f801289116e08474) Importer(815301076,1909f56bfc062723c751e8b465ee728b)
Start importing Assets/MBCP/Prefabs/Props/Fusebox_G.prefab using Guid(5ef58180dde6efc4f801289116e08474) Importer(815301076,1909f56bfc062723c751e8b465ee728b)  -> (artifact id: '0a82cc7b747998464563246a6182b370') in 0.156121 seconds
Number of updated asset objects reloaded before import = 0
Number of asset objects unloaded after import = 19
========================================================================
Received Prepare
Begin MonoManager ReloadAssembly
- Loaded All Assemblies, in  1.134 seconds
Refreshing native plugins compatible for Editor in 4.14 ms, found 3 plugins.
Native extension for WindowsStandalone target not found
Native extension for WebGL target not found
[Package Manager] Server::EnsureServerProcessIsRunning -- launch failed, reason: Unity was launched with the -noUpm command-line argument
[Package Manager] UpmClient::Send -- Unable to send message (not connected to UPM process).
[Package Manager] Cannot connect to Unity Package Manager local server
Mono: successfully reloaded assembly
- Finished resetting the current domain, in  1.208 seconds
Domain Reload Profiling: 2336ms
	BeginReloadAssembly (474ms)
		ExecutionOrderSort (0ms)
		DisableScriptedObjects (23ms)
		BackupInstance (0ms)
		ReleaseScriptingObjects (0ms)
		CreateAndSetChildDomain (156ms)
	RebuildCommonClasses (47ms)
	RebuildNativeTypeToScriptingClass (14ms)
	initialDomainReloadingComplete (43ms)
	LoadAllAssembliesAndSetupDomain (550ms)
		LoadAssemblies (722ms)
		RebuildTransferFunctionScriptingTraits (0ms)
		AnalyzeDomain (22ms)
			TypeCache.Refresh (10ms)
				TypeCache.ScanAssembly (0ms)
			ScanForSourceGeneratedMonoScriptInfo (8ms)
			ResolveRequiredComponents (5ms)
	FinalizeReload (1209ms)
		ReleaseScriptCaches (0ms)
		RebuildScriptCaches (0ms)
		SetupLoadedEditorAssemblies (444ms)
			LogAssemblyErrors (0ms)
			InitializePlatformSupportModulesInManaged (20ms)
			SetLoadedEditorAssemblies (10ms)
			RefreshPlugins (0ms)
			BeforeProcessingInitializeOnLoad (84ms)
			ProcessInitializeOnLoadAttributes (304ms)
			ProcessInitializeOnLoadMethodAttributes (19ms)
			AfterProcessingInitializeOnLoad (7ms)
			EditorAssembliesLoaded (0ms)
		ExecutionOrderSort2 (0ms)
		AwakeInstancesAfterBackupRestoration (7ms)
Refreshing native plugins compatible for Editor in 4.57 ms, found 3 plugins.
Preloading 0 native plugins for Editor in 0.00 ms.
Unloading 3078 Unused Serialized files (Serialized files now loaded: 0)
Unloading 23 unused Assets / (31.1 KB). Loaded Objects now: 3565.
Memory consumption went from 130.4 MB to 130.4 MB.
Total: 5.920400 ms (FindLiveObjects: 0.196500 ms CreateObjectMapping: 0.073300 ms MarkObjects: 5.589800 ms  DeleteObjects: 0.057800 ms)

Prepare: number of updated asset objects reloaded= 0
AssetImportParameters requested are different than current active one (requested -> active):
  custom:container-demuxer-ogg: 62fdf1f143b41e24485cea50d1cbac27 -> 
  custom:video-codec-MediaFoundation-h265: 746d11721c4dcdbdad8f713fa42b33f4 -> 
  custom:video-decoder-ogg-theora: a1e56fd34408186e4bbccfd4996cb3dc -> 
  custom:framework-win-MediaFoundation: 216162199b28c13a410421893ffa2e32 -> 
  custom:CustomObjectIndexerAttribute: 756ad292c208cfabdd7b50bc23989ffe -> 
  custom:container-demuxer-webm: 4f35f7cbe854078d1ac9338744f61a02 -> 
  custom:container-muxer-webm: aa71ff27fc2769a1b78a27578f13a17b -> 
  custom:video-decoder-webm-vp8: 9c59270c3fd7afecdb556c50c9e8de78 -> 
  custom:SearchIndexIgnoredProperties: e643bd26f0fe6173181afceb89e7c659 -> 
  custom:AudioImporter_EditorPlatform: d09bf68614088b80899f8185d706f6e7 -> 
  custom:video-encoder-webm-vp8: eb34c28f22e8b96e1ab97ce403110664 -> 
  custom:audio-decoder-ogg-vorbis: bf7c407c2cedff20999df2af8eb42d56 -> 
  custom:audio-encoder-webm-vorbis: bf7c407c2cedff20999df2af8eb42d56 -> 
========================================================================
Received Import Request.
  Time since last request: 512.685106 seconds.
  path: Assets/PBR_Military_Pack/PBR_Soldier_02
  artifactKey: Guid(207d6c0fdc61da743908300811f8e9f3) Importer(815301076,1909f56bfc062723c751e8b465ee728b)
Start importing Assets/PBR_Military_Pack/PBR_Soldier_02 using Guid(207d6c0fdc61da743908300811f8e9f3) Importer(815301076,1909f56bfc062723c751e8b465ee728b)  -> (artifact id: '1a30acb512ba32110c0d66597ee793ac') in 0.008232 seconds
Number of updated asset objects reloaded before import = 0
Number of asset objects unloaded after import = 0
========================================================================
Received Import Request.
  Time since last request: 3.403180 seconds.
  path: Assets/PBR_Military_Pack/PBR_Soldier_01
  artifactKey: Guid(a740ff88fa265b747b17ba4966b9244a) Importer(815301076,1909f56bfc062723c751e8b465ee728b)
Start importing Assets/PBR_Military_Pack/PBR_Soldier_01 using Guid(a740ff88fa265b747b17ba4966b9244a) Importer(815301076,1909f56bfc062723c751e8b465ee728b)  -> (artifact id: 'fd45b6a9d19ac66c9785eef95566ce44') in 0.000724 seconds
Number of updated asset objects reloaded before import = 0
Number of asset objects unloaded after import = 0
========================================================================
Received Import Request.
  Time since last request: 6.778920 seconds.
  path: Assets/PBR_Military_Pack/PBR_Soldier_01/Prefabs/Body1.prefab
  artifactKey: Guid(34397f9cc3c69cd4ba1e1abf7e1ccbbb) Importer(815301076,1909f56bfc062723c751e8b465ee728b)
Start importing Assets/PBR_Military_Pack/PBR_Soldier_01/Prefabs/Body1.prefab using Guid(34397f9cc3c69cd4ba1e1abf7e1ccbbb) Importer(815301076,1909f56bfc062723c751e8b465ee728b)  -> (artifact id: '3ffd2b961c136e6c48e0694b45621816') in 1.229661 seconds
Number of updated asset objects reloaded before import = 0
Number of asset objects unloaded after import = 440
========================================================================
Received Import Request.
  Time since last request: 0.000035 seconds.
  path: Assets/PBR_Military_Pack/PBR_Soldier_01/Prefabs
  artifactKey: Guid(9996858c57f00154ebea156463f828fe) Importer(815301076,1909f56bfc062723c751e8b465ee728b)
Start importing Assets/PBR_Military_Pack/PBR_Soldier_01/Prefabs using Guid(9996858c57f00154ebea156463f828fe) Importer(815301076,1909f56bfc062723c751e8b465ee728b)  -> (artifact id: '218c0e6a5cabd316ed17f08d71ba1d82') in 0.001445 seconds
Number of updated asset objects reloaded before import = 0
Number of asset objects unloaded after import = 0
========================================================================
Received Import Request.
  Time since last request: 0.000046 seconds.
  path: Assets/PBR_Military_Pack/PBR_Soldier_01/Prefabs/Body5.prefab
  artifactKey: Guid(dba7f5e9b7287eb41888c1a8d1981f39) Importer(815301076,1909f56bfc062723c751e8b465ee728b)
Start importing Assets/PBR_Military_Pack/PBR_Soldier_01/Prefabs/Body5.prefab using Guid(dba7f5e9b7287eb41888c1a8d1981f39) Importer(815301076,1909f56bfc062723c751e8b465ee728b)  -> (artifact id: 'c2c20514236c3f99b81f9ce38e776f87') in 0.219439 seconds
Number of updated asset objects reloaded before import = 0
Number of asset objects unloaded after import = 440
========================================================================
Received Import Request.
  Time since last request: 0.000031 seconds.
  path: Assets/PBR_Military_Pack/PBR_Soldier_01/Prefabs/Soldier_Mecanim.prefab
  artifactKey: Guid(e62c46ce55b88ef4f92d69bb5fdd9cfd) Importer(815301076,1909f56bfc062723c751e8b465ee728b)
Start importing Assets/PBR_Military_Pack/PBR_Soldier_01/Prefabs/Soldier_Mecanim.prefab using Guid(e62c46ce55b88ef4f92d69bb5fdd9cfd) Importer(815301076,1909f56bfc062723c751e8b465ee728b)  -> (artifact id: '4421b932dff5150f3ca22e5fb9e24764') in 0.326647 seconds
Number of updated asset objects reloaded before import = 0
Number of asset objects unloaded after import = 169
========================================================================
Received Import Request.
  Time since last request: 519.220768 seconds.
  path: Assets/PBR_Military_Pack/PBR_Soldier_01/Mesh/Solder_Mesh.FBX
  artifactKey: Guid(b4efb30ec2fc46e4b99a156356acaf49) Importer(815301076,1909f56bfc062723c751e8b465ee728b)
Start importing Assets/PBR_Military_Pack/PBR_Soldier_01/Mesh/Solder_Mesh.FBX using Guid(b4efb30ec2fc46e4b99a156356acaf49) Importer(815301076,1909f56bfc062723c751e8b465ee728b)  -> (artifact id: '7d8a108502b9d8ff10ef2bb59afd0857') in 0.910002 seconds
Number of updated asset objects reloaded before import = 0
Number of asset objects unloaded after import = 185
========================================================================
Received Import Request.
  Time since last request: 18.159839 seconds.
  path: Assets/PBR_Military_Pack/PBR_Soldier_01/Animation/Solder@(aiming)Run_Right.FBX
  artifactKey: Guid(b6ca32812ab56e24e91e9eb3e5f1f3ad) Importer(815301076,1909f56bfc062723c751e8b465ee728b)
Start importing Assets/PBR_Military_Pack/PBR_Soldier_01/Animation/Solder@(aiming)Run_Right.FBX using Guid(b6ca32812ab56e24e91e9eb3e5f1f3ad) Importer(815301076,1909f56bfc062723c751e8b465ee728b)  -> (artifact id: '2ae5c58013b04aab055b41d3e808c4e1') in 0.171517 seconds
Number of updated asset objects reloaded before import = 0
Number of asset objects unloaded after import = 185
========================================================================
Received Import Request.
  Time since last request: 0.000028 seconds.
  path: Assets/PBR_Military_Pack/PBR_Soldier_01/Animation/Solder@Run.FBX
  artifactKey: Guid(456888aea5d760b42b91afa867863cc6) Importer(815301076,1909f56bfc062723c751e8b465ee728b)
Start importing Assets/PBR_Military_Pack/PBR_Soldier_01/Animation/Solder@Run.FBX using Guid(456888aea5d760b42b91afa867863cc6) Importer(815301076,1909f56bfc062723c751e8b465ee728b)  -> (artifact id: '1f3ea0becb948d10d4e6447f386d8057') in 0.165207 seconds
Number of updated asset objects reloaded before import = 0
Number of asset objects unloaded after import = 185
========================================================================
Received Import Request.
  Time since last request: 0.000069 seconds.
  path: Assets/PBR_Military_Pack/PBR_Soldier_01/Animation/Solder@(aiming)Walk_Left_Sit.FBX
  artifactKey: Guid(7db50d6553351b54fb9e5a667ae6700d) Importer(815301076,1909f56bfc062723c751e8b465ee728b)
Start importing Assets/PBR_Military_Pack/PBR_Soldier_01/Animation/Solder@(aiming)Walk_Left_Sit.FBX using Guid(7db50d6553351b54fb9e5a667ae6700d) Importer(815301076,1909f56bfc062723c751e8b465ee728b)  -> (artifact id: '1338ab5d6f73a33e44d813260b694b9f') in 0.178410 seconds
Number of updated asset objects reloaded before import = 0
Number of asset objects unloaded after import = 185
========================================================================
Received Import Request.
  Time since last request: 0.000023 seconds.
  path: Assets/PBR_Military_Pack/PBR_Soldier_01/Animation/Solder@(aiming)Walk_Sit.FBX
  artifactKey: Guid(85842f0201dab684d875cadce03ae7d4) Importer(815301076,1909f56bfc062723c751e8b465ee728b)
Start importing Assets/PBR_Military_Pack/PBR_Soldier_01/Animation/Solder@(aiming)Walk_Sit.FBX using Guid(85842f0201dab684d875cadce03ae7d4) Importer(815301076,1909f56bfc062723c751e8b465ee728b)  -> (artifact id: '13af4bd287aff84b28493b8f74310279') in 0.163628 seconds
Number of updated asset objects reloaded before import = 0
Number of asset objects unloaded after import = 185
========================================================================
Received Import Request.
  Time since last request: 0.000038 seconds.
  path: Assets/PBR_Military_Pack/PBR_Soldier_01/Animation/Solder@Idle.FBX
  artifactKey: Guid(f4b742668f2199043a811bf9b15c1317) Importer(815301076,1909f56bfc062723c751e8b465ee728b)
Start importing Assets/PBR_Military_Pack/PBR_Soldier_01/Animation/Solder@Idle.FBX using Guid(f4b742668f2199043a811bf9b15c1317) Importer(815301076,1909f56bfc062723c751e8b465ee728b)  -> (artifact id: '820b3f8c6c25b2a183cdeb84b3b31123') in 0.163952 seconds
Number of updated asset objects reloaded before import = 0
Number of asset objects unloaded after import = 185
========================================================================
Received Import Request.
  Time since last request: 0.000047 seconds.
  path: Assets/PBR_Military_Pack/PBR_Soldier_01/Animation/Solder@Dead.FBX
  artifactKey: Guid(dee745a08cb3daa4a8b85e61ea0dceb3) Importer(815301076,1909f56bfc062723c751e8b465ee728b)
Start importing Assets/PBR_Military_Pack/PBR_Soldier_01/Animation/Solder@Dead.FBX using Guid(dee745a08cb3daa4a8b85e61ea0dceb3) Importer(815301076,1909f56bfc062723c751e8b465ee728b)  -> (artifact id: 'da69a62f3872fa7a7d15a7847508ce6a') in 0.161566 seconds
Number of updated asset objects reloaded before import = 0
Number of asset objects unloaded after import = 185
========================================================================
Received Import Request.
  Time since last request: 0.000022 seconds.
  path: Assets/PBR_Military_Pack/PBR_Soldier_01/Animation/Solder@Sit_Walk.FBX
  artifactKey: Guid(95b85d28d0e164e43ab69bc92228a5bc) Importer(815301076,1909f56bfc062723c751e8b465ee728b)
Start importing Assets/PBR_Military_Pack/PBR_Soldier_01/Animation/Solder@Sit_Walk.FBX using Guid(95b85d28d0e164e43ab69bc92228a5bc) Importer(815301076,1909f56bfc062723c751e8b465ee728b)  -> (artifact id: '265bf8a1b9f760bfa3f19b2381215385') in 0.181490 seconds
Number of updated asset objects reloaded before import = 0
Number of asset objects unloaded after import = 185
========================================================================
Received Import Request.
  Time since last request: 0.000032 seconds.
  path: Assets/PBR_Military_Pack/PBR_Soldier_01/Animation/Solder@Jump.FBX
  artifactKey: Guid(a38660912004a12489b9643a0c639c99) Importer(815301076,1909f56bfc062723c751e8b465ee728b)
Start importing Assets/PBR_Military_Pack/PBR_Soldier_01/Animation/Solder@Jump.FBX using Guid(a38660912004a12489b9643a0c639c99) Importer(815301076,1909f56bfc062723c751e8b465ee728b)  -> (artifact id: '1fa665da5339b017545cc531deb5750e') in 0.176757 seconds
Number of updated asset objects reloaded before import = 0
Number of asset objects unloaded after import = 185
========================================================================
Received Import Request.
  Time since last request: 0.000032 seconds.
  path: Assets/PBR_Military_Pack/PBR_Soldier_01/Animation/Solder@Walk.FBX
  artifactKey: Guid(d2a55df79898f934db30d8a057a5591d) Importer(815301076,1909f56bfc062723c751e8b465ee728b)
Start importing Assets/PBR_Military_Pack/PBR_Soldier_01/Animation/Solder@Walk.FBX using Guid(d2a55df79898f934db30d8a057a5591d) Importer(815301076,1909f56bfc062723c751e8b465ee728b)  -> (artifact id: 'c5fcf42df0e6a6de79a9e8e22ed0c484') in 0.159747 seconds
Number of updated asset objects reloaded before import = 0
Number of asset objects unloaded after import = 185
========================================================================
Received Prepare
Begin MonoManager ReloadAssembly
- Loaded All Assemblies, in  1.397 seconds
Refreshing native plugins compatible for Editor in 13.99 ms, found 3 plugins.
Native extension for WindowsStandalone target not found
Native extension for WebGL target not found
[Package Manager] Server::EnsureServerProcessIsRunning -- launch failed, reason: Unity was launched with the -noUpm command-line argument
[Package Manager] UpmClient::Send -- Unable to send message (not connected to UPM process).
[Package Manager] Cannot connect to Unity Package Manager local server
Mono: successfully reloaded assembly
- Finished resetting the current domain, in  3.130 seconds
Domain Reload Profiling: 4520ms
	BeginReloadAssembly (568ms)
		ExecutionOrderSort (0ms)
		DisableScriptedObjects (9ms)
		BackupInstance (0ms)
		ReleaseScriptingObjects (0ms)
		CreateAndSetChildDomain (115ms)
	RebuildCommonClasses (110ms)
	RebuildNativeTypeToScriptingClass (45ms)
	initialDomainReloadingComplete (64ms)
	LoadAllAssembliesAndSetupDomain (601ms)
		LoadAssemblies (900ms)
		RebuildTransferFunctionScriptingTraits (0ms)
		AnalyzeDomain (79ms)
			TypeCache.Refresh (35ms)
				TypeCache.ScanAssembly (14ms)
			ScanForSourceGeneratedMonoScriptInfo (25ms)
			ResolveRequiredComponents (18ms)
	FinalizeReload (3132ms)
		ReleaseScriptCaches (0ms)
		RebuildScriptCaches (0ms)
		SetupLoadedEditorAssemblies (1204ms)
			LogAssemblyErrors (0ms)
			InitializePlatformSupportModulesInManaged (26ms)
			SetLoadedEditorAssemblies (8ms)
			RefreshPlugins (0ms)
			BeforeProcessingInitializeOnLoad (191ms)
			ProcessInitializeOnLoadAttributes (870ms)
			ProcessInitializeOnLoadMethodAttributes (77ms)
			AfterProcessingInitializeOnLoad (31ms)
			EditorAssembliesLoaded (1ms)
		ExecutionOrderSort2 (0ms)
		AwakeInstancesAfterBackupRestoration (21ms)
Refreshing native plugins compatible for Editor in 13.62 ms, found 3 plugins.
Preloading 0 native plugins for Editor in 0.00 ms.
Unloading 3242 Unused Serialized files (Serialized files now loaded: 0)
Unloading 25 unused Assets / (126.8 KB). Loaded Objects now: 3779.
Memory consumption went from 138.6 MB to 138.5 MB.
Total: 8.694700 ms (FindLiveObjects: 0.475600 ms CreateObjectMapping: 0.196100 ms MarkObjects: 7.873600 ms  DeleteObjects: 0.146300 ms)

Prepare: number of updated asset objects reloaded= 0
AssetImportParameters requested are different than current active one (requested -> active):
  custom:container-demuxer-ogg: 62fdf1f143b41e24485cea50d1cbac27 -> 
  custom:video-codec-MediaFoundation-h265: 746d11721c4dcdbdad8f713fa42b33f4 -> 
  custom:video-decoder-ogg-theora: a1e56fd34408186e4bbccfd4996cb3dc -> 
  custom:framework-win-MediaFoundation: 216162199b28c13a410421893ffa2e32 -> 
  custom:CustomObjectIndexerAttribute: 756ad292c208cfabdd7b50bc23989ffe -> 
  custom:container-demuxer-webm: 4f35f7cbe854078d1ac9338744f61a02 -> 
  custom:container-muxer-webm: aa71ff27fc2769a1b78a27578f13a17b -> 
  custom:video-decoder-webm-vp8: 9c59270c3fd7afecdb556c50c9e8de78 -> 
  custom:SearchIndexIgnoredProperties: e643bd26f0fe6173181afceb89e7c659 -> 
  custom:AudioImporter_EditorPlatform: d09bf68614088b80899f8185d706f6e7 -> 
  custom:video-encoder-webm-vp8: eb34c28f22e8b96e1ab97ce403110664 -> 
  custom:audio-decoder-ogg-vorbis: bf7c407c2cedff20999df2af8eb42d56 -> 
  custom:audio-encoder-webm-vorbis: bf7c407c2cedff20999df2af8eb42d56 -> 
========================================================================
Received Import Request.
  Time since last request: 2302.611258 seconds.
  path: Assets/Prefabs/CineMachines/AimCineMachine.prefab
  artifactKey: Guid(c4d6fd9bc6d5cdb4482b69a57fa199f4) Importer(815301076,1909f56bfc062723c751e8b465ee728b)
Start importing Assets/Prefabs/CineMachines/AimCineMachine.prefab using Guid(c4d6fd9bc6d5cdb4482b69a57fa199f4) Importer(815301076,1909f56bfc062723c751e8b465ee728b)  -> (artifact id: '44669accb41207d832db3dd5769b7b16') in 0.059476 seconds
Number of updated asset objects reloaded before import = 0
Number of asset objects unloaded after import = 13
========================================================================
Received Prepare
Begin MonoManager ReloadAssembly
- Loaded All Assemblies, in  0.522 seconds
Refreshing native plugins compatible for Editor in 4.91 ms, found 3 plugins.
Native extension for WindowsStandalone target not found
Native extension for WebGL target not found
[Package Manager] Server::EnsureServerProcessIsRunning -- launch failed, reason: Unity was launched with the -noUpm command-line argument
[Package Manager] UpmClient::Send -- Unable to send message (not connected to UPM process).
[Package Manager] Cannot connect to Unity Package Manager local server
Mono: successfully reloaded assembly
- Finished resetting the current domain, in  1.673 seconds
Domain Reload Profiling: 2193ms
	BeginReloadAssembly (161ms)
		ExecutionOrderSort (0ms)
		DisableScriptedObjects (5ms)
		BackupInstance (0ms)
		ReleaseScriptingObjects (0ms)
		CreateAndSetChildDomain (45ms)
	RebuildCommonClasses (40ms)
	RebuildNativeTypeToScriptingClass (13ms)
	initialDomainReloadingComplete (28ms)
	LoadAllAssembliesAndSetupDomain (277ms)
		LoadAssemblies (337ms)
		RebuildTransferFunctionScriptingTraits (0ms)
		AnalyzeDomain (18ms)
			TypeCache.Refresh (8ms)
				TypeCache.ScanAssembly (0ms)
			ScanForSourceGeneratedMonoScriptInfo (0ms)
			ResolveRequiredComponents (8ms)
	FinalizeReload (1674ms)
		ReleaseScriptCaches (0ms)
		RebuildScriptCaches (0ms)
		SetupLoadedEditorAssemblies (605ms)
			LogAssemblyErrors (0ms)
			InitializePlatformSupportModulesInManaged (14ms)
			SetLoadedEditorAssemblies (5ms)
			RefreshPlugins (0ms)
			BeforeProcessingInitializeOnLoad (88ms)
			ProcessInitializeOnLoadAttributes (454ms)
			ProcessInitializeOnLoadMethodAttributes (31ms)
			AfterProcessingInitializeOnLoad (12ms)
			EditorAssembliesLoaded (0ms)
		ExecutionOrderSort2 (0ms)
		AwakeInstancesAfterBackupRestoration (12ms)
Refreshing native plugins compatible for Editor in 8.10 ms, found 3 plugins.
Preloading 0 native plugins for Editor in 0.00 ms.
Unloading 3242 Unused Serialized files (Serialized files now loaded: 0)
Unloading 25 unused Assets / (127.0 KB). Loaded Objects now: 3794.
Memory consumption went from 140.6 MB to 140.5 MB.
Total: 4.000900 ms (FindLiveObjects: 0.308900 ms CreateObjectMapping: 0.114400 ms MarkObjects: 3.417500 ms  DeleteObjects: 0.158400 ms)

Prepare: number of updated asset objects reloaded= 0
AssetImportParameters requested are different than current active one (requested -> active):
  custom:container-demuxer-ogg: 62fdf1f143b41e24485cea50d1cbac27 -> 
  custom:video-codec-MediaFoundation-h265: 746d11721c4dcdbdad8f713fa42b33f4 -> 
  custom:video-decoder-ogg-theora: a1e56fd34408186e4bbccfd4996cb3dc -> 
  custom:framework-win-MediaFoundation: 216162199b28c13a410421893ffa2e32 -> 
  custom:CustomObjectIndexerAttribute: 756ad292c208cfabdd7b50bc23989ffe -> 
  custom:container-demuxer-webm: 4f35f7cbe854078d1ac9338744f61a02 -> 
  custom:container-muxer-webm: aa71ff27fc2769a1b78a27578f13a17b -> 
  custom:video-decoder-webm-vp8: 9c59270c3fd7afecdb556c50c9e8de78 -> 
  custom:SearchIndexIgnoredProperties: e643bd26f0fe6173181afceb89e7c659 -> 
  custom:AudioImporter_EditorPlatform: d09bf68614088b80899f8185d706f6e7 -> 
  custom:video-encoder-webm-vp8: eb34c28f22e8b96e1ab97ce403110664 -> 
  custom:audio-decoder-ogg-vorbis: bf7c407c2cedff20999df2af8eb42d56 -> 
  custom:audio-encoder-webm-vorbis: bf7c407c2cedff20999df2af8eb42d56 -> 
========================================================================
Received Prepare
Begin MonoManager ReloadAssembly
- Loaded All Assemblies, in  0.527 seconds
Refreshing native plugins compatible for Editor in 6.11 ms, found 3 plugins.
Native extension for WindowsStandalone target not found
Native extension for WebGL target not found
[Package Manager] Server::EnsureServerProcessIsRunning -- launch failed, reason: Unity was launched with the -noUpm command-line argument
[Package Manager] UpmClient::Send -- Unable to send message (not connected to UPM process).
[Package Manager] Cannot connect to Unity Package Manager local server
Mono: successfully reloaded assembly
- Finished resetting the current domain, in  1.331 seconds
Domain Reload Profiling: 1854ms
	BeginReloadAssembly (185ms)
		ExecutionOrderSort (0ms)
		DisableScriptedObjects (6ms)
		BackupInstance (0ms)
		ReleaseScriptingObjects (0ms)
		CreateAndSetChildDomain (40ms)
	RebuildCommonClasses (47ms)
	RebuildNativeTypeToScriptingClass (19ms)
	initialDomainReloadingComplete (35ms)
	LoadAllAssembliesAndSetupDomain (237ms)
		LoadAssemblies (325ms)
		RebuildTransferFunctionScriptingTraits (0ms)
		AnalyzeDomain (15ms)
			TypeCache.Refresh (5ms)
				TypeCache.ScanAssembly (0ms)
			ScanForSourceGeneratedMonoScriptInfo (0ms)
			ResolveRequiredComponents (8ms)
	FinalizeReload (1332ms)
		ReleaseScriptCaches (0ms)
		RebuildScriptCaches (0ms)
		SetupLoadedEditorAssemblies (635ms)
			LogAssemblyErrors (0ms)
			InitializePlatformSupportModulesInManaged (14ms)
			SetLoadedEditorAssemblies (6ms)
			RefreshPlugins (0ms)
			BeforeProcessingInitializeOnLoad (92ms)
			ProcessInitializeOnLoadAttributes (476ms)
			ProcessInitializeOnLoadMethodAttributes (35ms)
			AfterProcessingInitializeOnLoad (12ms)
			EditorAssembliesLoaded (0ms)
		ExecutionOrderSort2 (0ms)
		AwakeInstancesAfterBackupRestoration (11ms)
Refreshing native plugins compatible for Editor in 7.09 ms, found 3 plugins.
Preloading 0 native plugins for Editor in 0.00 ms.
Unloading 3243 Unused Serialized files (Serialized files now loaded: 0)
Unloading 25 unused Assets / (126.8 KB). Loaded Objects now: 3809.
Memory consumption went from 142.8 MB to 142.7 MB.
Total: 4.289600 ms (FindLiveObjects: 0.345900 ms CreateObjectMapping: 0.224300 ms MarkObjects: 3.558300 ms  DeleteObjects: 0.159000 ms)

Prepare: number of updated asset objects reloaded= 0
AssetImportParameters requested are different than current active one (requested -> active):
  custom:container-demuxer-ogg: 62fdf1f143b41e24485cea50d1cbac27 -> 
  custom:video-codec-MediaFoundation-h265: 746d11721c4dcdbdad8f713fa42b33f4 -> 
  custom:video-decoder-ogg-theora: a1e56fd34408186e4bbccfd4996cb3dc -> 
  custom:framework-win-MediaFoundation: 216162199b28c13a410421893ffa2e32 -> 
  custom:CustomObjectIndexerAttribute: 756ad292c208cfabdd7b50bc23989ffe -> 
  custom:container-demuxer-webm: 4f35f7cbe854078d1ac9338744f61a02 -> 
  custom:container-muxer-webm: aa71ff27fc2769a1b78a27578f13a17b -> 
  custom:video-decoder-webm-vp8: 9c59270c3fd7afecdb556c50c9e8de78 -> 
  custom:SearchIndexIgnoredProperties: e643bd26f0fe6173181afceb89e7c659 -> 
  custom:AudioImporter_EditorPlatform: d09bf68614088b80899f8185d706f6e7 -> 
  custom:video-encoder-webm-vp8: eb34c28f22e8b96e1ab97ce403110664 -> 
  custom:audio-decoder-ogg-vorbis: bf7c407c2cedff20999df2af8eb42d56 -> 
  custom:audio-encoder-webm-vorbis: bf7c407c2cedff20999df2af8eb42d56 -> 
========================================================================
Received Import Request.
  Time since last request: 1451.760093 seconds.
  path: Assets/Scripts
  artifactKey: Guid(6c2b3dceb3ac4e34cba2ef95cf65b059) Importer(815301076,1909f56bfc062723c751e8b465ee728b)
Start importing Assets/Scripts using Guid(6c2b3dceb3ac4e34cba2ef95cf65b059) Importer(815301076,1909f56bfc062723c751e8b465ee728b)  -> (artifact id: '18e7d7683528c7b62b238ab2ee1c1cde') in 0.004858 seconds
Number of updated asset objects reloaded before import = 0
Number of asset objects unloaded after import = 0
========================================================================
Received Import Request.
  Time since last request: 20.348815 seconds.
  path: Assets/Scripts/Playerscript.cs
  artifactKey: Guid(f577eb099786f78408cf7ae096a021cc) Importer(815301076,1909f56bfc062723c751e8b465ee728b)
Start importing Assets/Scripts/Playerscript.cs using Guid(f577eb099786f78408cf7ae096a021cc) Importer(815301076,1909f56bfc062723c751e8b465ee728b)  -> (artifact id: 'cefa1d3a4ea50bc4ab927c151338fa7b') in 0.000697 seconds
Number of updated asset objects reloaded before import = 0
Number of asset objects unloaded after import = 0
========================================================================
Received Prepare
Begin MonoManager ReloadAssembly
- Loaded All Assemblies, in  0.563 seconds
Refreshing native plugins compatible for Editor in 4.65 ms, found 3 plugins.
Native extension for WindowsStandalone target not found
Native extension for WebGL target not found
[Package Manager] Server::EnsureServerProcessIsRunning -- launch failed, reason: Unity was launched with the -noUpm command-line argument
[Package Manager] UpmClient::Send -- Unable to send message (not connected to UPM process).
[Package Manager] Cannot connect to Unity Package Manager local server
Mono: successfully reloaded assembly
- Finished resetting the current domain, in  1.196 seconds
Domain Reload Profiling: 1757ms
	BeginReloadAssembly (187ms)
		ExecutionOrderSort (0ms)
		DisableScriptedObjects (7ms)
		BackupInstance (0ms)
		ReleaseScriptingObjects (0ms)
		CreateAndSetChildDomain (42ms)
	RebuildCommonClasses (56ms)
	RebuildNativeTypeToScriptingClass (19ms)
	initialDomainReloadingComplete (38ms)
	LoadAllAssembliesAndSetupDomain (260ms)
		LoadAssemblies (327ms)
		RebuildTransferFunctionScriptingTraits (0ms)
		AnalyzeDomain (29ms)
			TypeCache.Refresh (10ms)
				TypeCache.ScanAssembly (0ms)
			ScanForSourceGeneratedMonoScriptInfo (11ms)
			ResolveRequiredComponents (7ms)
	FinalizeReload (1197ms)
		ReleaseScriptCaches (0ms)
		RebuildScriptCaches (0ms)
		SetupLoadedEditorAssemblies (505ms)
			LogAssemblyErrors (0ms)
			InitializePlatformSupportModulesInManaged (11ms)
			SetLoadedEditorAssemblies (4ms)
			RefreshPlugins (0ms)
			BeforeProcessingInitializeOnLoad (80ms)
			ProcessInitializeOnLoadAttributes (364ms)
			ProcessInitializeOnLoadMethodAttributes (32ms)
			AfterProcessingInitializeOnLoad (13ms)
			EditorAssembliesLoaded (0ms)
		ExecutionOrderSort2 (0ms)
		AwakeInstancesAfterBackupRestoration (12ms)
Refreshing native plugins compatible for Editor in 6.06 ms, found 3 plugins.
Preloading 0 native plugins for Editor in 0.00 ms.
Unloading 3243 Unused Serialized files (Serialized files now loaded: 0)
Unloading 25 unused Assets / (126.8 KB). Loaded Objects now: 3825.
Memory consumption went from 144.5 MB to 144.4 MB.
Total: 3.457700 ms (FindLiveObjects: 0.246300 ms CreateObjectMapping: 0.148200 ms MarkObjects: 2.927700 ms  DeleteObjects: 0.133600 ms)

Prepare: number of updated asset objects reloaded= 0
AssetImportParameters requested are different than current active one (requested -> active):
  custom:container-demuxer-ogg: 62fdf1f143b41e24485cea50d1cbac27 -> 
  custom:video-codec-MediaFoundation-h265: 746d11721c4dcdbdad8f713fa42b33f4 -> 
  custom:video-decoder-ogg-theora: a1e56fd34408186e4bbccfd4996cb3dc -> 
  custom:framework-win-MediaFoundation: 216162199b28c13a410421893ffa2e32 -> 
  custom:CustomObjectIndexerAttribute: 756ad292c208cfabdd7b50bc23989ffe -> 
  custom:container-demuxer-webm: 4f35f7cbe854078d1ac9338744f61a02 -> 
  custom:container-muxer-webm: aa71ff27fc2769a1b78a27578f13a17b -> 
  custom:video-decoder-webm-vp8: 9c59270c3fd7afecdb556c50c9e8de78 -> 
  custom:SearchIndexIgnoredProperties: e643bd26f0fe6173181afceb89e7c659 -> 
  custom:AudioImporter_EditorPlatform: d09bf68614088b80899f8185d706f6e7 -> 
  custom:video-encoder-webm-vp8: eb34c28f22e8b96e1ab97ce403110664 -> 
  custom:audio-decoder-ogg-vorbis: bf7c407c2cedff20999df2af8eb42d56 -> 
  custom:audio-encoder-webm-vorbis: bf7c407c2cedff20999df2af8eb42d56 -> 
========================================================================
Received Prepare
Begin MonoManager ReloadAssembly
- Loaded All Assemblies, in  0.926 seconds
Refreshing native plugins compatible for Editor in 3.87 ms, found 3 plugins.
Native extension for WindowsStandalone target not found
Native extension for WebGL target not found
[Package Manager] Server::EnsureServerProcessIsRunning -- launch failed, reason: Unity was launched with the -noUpm command-line argument
[Package Manager] UpmClient::Send -- Unable to send message (not connected to UPM process).
[Package Manager] Cannot connect to Unity Package Manager local server
Mono: successfully reloaded assembly
- Finished resetting the current domain, in  1.290 seconds
Domain Reload Profiling: 2204ms
	BeginReloadAssembly (403ms)
		ExecutionOrderSort (0ms)
		DisableScriptedObjects (17ms)
		BackupInstance (0ms)
		ReleaseScriptingObjects (0ms)
		CreateAndSetChildDomain (99ms)
	RebuildCommonClasses (84ms)
	RebuildNativeTypeToScriptingClass (30ms)
	initialDomainReloadingComplete (106ms)
	LoadAllAssembliesAndSetupDomain (291ms)
		LoadAssemblies (490ms)
		RebuildTransferFunctionScriptingTraits (0ms)
		AnalyzeDomain (26ms)
			TypeCache.Refresh (10ms)
				TypeCache.ScanAssembly (0ms)
			ScanForSourceGeneratedMonoScriptInfo (9ms)
			ResolveRequiredComponents (6ms)
	FinalizeReload (1291ms)
		ReleaseScriptCaches (0ms)
		RebuildScriptCaches (0ms)
		SetupLoadedEditorAssemblies (449ms)
			LogAssemblyErrors (0ms)
			InitializePlatformSupportModulesInManaged (7ms)
			SetLoadedEditorAssemblies (3ms)
			RefreshPlugins (0ms)
			BeforeProcessingInitializeOnLoad (65ms)
			ProcessInitializeOnLoadAttributes (342ms)
			ProcessInitializeOnLoadMethodAttributes (22ms)
			AfterProcessingInitializeOnLoad (10ms)
			EditorAssembliesLoaded (0ms)
		ExecutionOrderSort2 (0ms)
		AwakeInstancesAfterBackupRestoration (8ms)
Refreshing native plugins compatible for Editor in 4.91 ms, found 3 plugins.
Preloading 0 native plugins for Editor in 0.00 ms.
Unloading 3244 Unused Serialized files (Serialized files now loaded: 0)
Unloading 25 unused Assets / (126.9 KB). Loaded Objects now: 3840.
Memory consumption went from 146.7 MB to 146.6 MB.
Total: 4.147600 ms (FindLiveObjects: 0.277000 ms CreateObjectMapping: 0.256500 ms MarkObjects: 3.493700 ms  DeleteObjects: 0.118800 ms)

Prepare: number of updated asset objects reloaded= 0
AssetImportParameters requested are different than current active one (requested -> active):
  custom:container-demuxer-ogg: 62fdf1f143b41e24485cea50d1cbac27 -> 
  custom:video-codec-MediaFoundation-h265: 746d11721c4dcdbdad8f713fa42b33f4 -> 
  custom:video-decoder-ogg-theora: a1e56fd34408186e4bbccfd4996cb3dc -> 
  custom:framework-win-MediaFoundation: 216162199b28c13a410421893ffa2e32 -> 
  custom:CustomObjectIndexerAttribute: 756ad292c208cfabdd7b50bc23989ffe -> 
  custom:container-demuxer-webm: 4f35f7cbe854078d1ac9338744f61a02 -> 
  custom:container-muxer-webm: aa71ff27fc2769a1b78a27578f13a17b -> 
  custom:video-decoder-webm-vp8: 9c59270c3fd7afecdb556c50c9e8de78 -> 
  custom:SearchIndexIgnoredProperties: e643bd26f0fe6173181afceb89e7c659 -> 
  custom:AudioImporter_EditorPlatform: d09bf68614088b80899f8185d706f6e7 -> 
  custom:video-encoder-webm-vp8: eb34c28f22e8b96e1ab97ce403110664 -> 
  custom:audio-decoder-ogg-vorbis: bf7c407c2cedff20999df2af8eb42d56 -> 
  custom:audio-encoder-webm-vorbis: bf7c407c2cedff20999df2af8eb42d56 -> 
========================================================================
Received Prepare
Begin MonoManager ReloadAssembly
- Loaded All Assemblies, in  0.529 seconds
Refreshing native plugins compatible for Editor in 5.39 ms, found 3 plugins.
Native extension for WindowsStandalone target not found
Native extension for WebGL target not found
[Package Manager] Server::EnsureServerProcessIsRunning -- launch failed, reason: Unity was launched with the -noUpm command-line argument
[Package Manager] UpmClient::Send -- Unable to send message (not connected to UPM process).
[Package Manager] Cannot connect to Unity Package Manager local server
Mono: successfully reloaded assembly
- Finished resetting the current domain, in  1.298 seconds
Domain Reload Profiling: 1823ms
	BeginReloadAssembly (179ms)
		ExecutionOrderSort (0ms)
		DisableScriptedObjects (8ms)
		BackupInstance (0ms)
		ReleaseScriptingObjects (0ms)
		CreateAndSetChildDomain (38ms)
	RebuildCommonClasses (48ms)
	RebuildNativeTypeToScriptingClass (16ms)
	initialDomainReloadingComplete (35ms)
	LoadAllAssembliesAndSetupDomain (246ms)
		LoadAssemblies (323ms)
		RebuildTransferFunctionScriptingTraits (0ms)
		AnalyzeDomain (16ms)
			TypeCache.Refresh (8ms)
				TypeCache.ScanAssembly (0ms)
			ScanForSourceGeneratedMonoScriptInfo (0ms)
			ResolveRequiredComponents (6ms)
	FinalizeReload (1298ms)
		ReleaseScriptCaches (0ms)
		RebuildScriptCaches (0ms)
		SetupLoadedEditorAssemblies (642ms)
			LogAssemblyErrors (0ms)
			InitializePlatformSupportModulesInManaged (14ms)
			SetLoadedEditorAssemblies (6ms)
			RefreshPlugins (0ms)
			BeforeProcessingInitializeOnLoad (99ms)
			ProcessInitializeOnLoadAttributes (477ms)
			ProcessInitializeOnLoadMethodAttributes (32ms)
			AfterProcessingInitializeOnLoad (13ms)
			EditorAssembliesLoaded (1ms)
		ExecutionOrderSort2 (0ms)
		AwakeInstancesAfterBackupRestoration (12ms)
Refreshing native plugins compatible for Editor in 6.72 ms, found 3 plugins.
Preloading 0 native plugins for Editor in 0.00 ms.
Unloading 3244 Unused Serialized files (Serialized files now loaded: 0)
Unloading 25 unused Assets / (126.9 KB). Loaded Objects now: 3855.
Memory consumption went from 148.6 MB to 148.5 MB.
Total: 4.984900 ms (FindLiveObjects: 0.579600 ms CreateObjectMapping: 0.686800 ms MarkObjects: 3.611700 ms  DeleteObjects: 0.104800 ms)

Prepare: number of updated asset objects reloaded= 0
AssetImportParameters requested are different than current active one (requested -> active):
  custom:container-demuxer-ogg: 62fdf1f143b41e24485cea50d1cbac27 -> 
  custom:video-codec-MediaFoundation-h265: 746d11721c4dcdbdad8f713fa42b33f4 -> 
  custom:video-decoder-ogg-theora: a1e56fd34408186e4bbccfd4996cb3dc -> 
  custom:framework-win-MediaFoundation: 216162199b28c13a410421893ffa2e32 -> 
  custom:CustomObjectIndexerAttribute: 756ad292c208cfabdd7b50bc23989ffe -> 
  custom:container-demuxer-webm: 4f35f7cbe854078d1ac9338744f61a02 -> 
  custom:container-muxer-webm: aa71ff27fc2769a1b78a27578f13a17b -> 
  custom:video-decoder-webm-vp8: 9c59270c3fd7afecdb556c50c9e8de78 -> 
  custom:SearchIndexIgnoredProperties: e643bd26f0fe6173181afceb89e7c659 -> 
  custom:AudioImporter_EditorPlatform: d09bf68614088b80899f8185d706f6e7 -> 
  custom:video-encoder-webm-vp8: eb34c28f22e8b96e1ab97ce403110664 -> 
  custom:audio-decoder-ogg-vorbis: bf7c407c2cedff20999df2af8eb42d56 -> 
  custom:audio-encoder-webm-vorbis: bf7c407c2cedff20999df2af8eb42d56 -> 
========================================================================
Received Prepare
Begin MonoManager ReloadAssembly
- Loaded All Assemblies, in  0.926 seconds
Refreshing native plugins compatible for Editor in 11.58 ms, found 3 plugins.
Native extension for WindowsStandalone target not found
Native extension for WebGL target not found
[Package Manager] Server::EnsureServerProcessIsRunning -- launch failed, reason: Unity was launched with the -noUpm command-line argument
[Package Manager] UpmClient::Send -- Unable to send message (not connected to UPM process).
[Package Manager] Cannot connect to Unity Package Manager local server
Mono: successfully reloaded assembly
- Finished resetting the current domain, in  1.900 seconds
Domain Reload Profiling: 2820ms
	BeginReloadAssembly (347ms)
		ExecutionOrderSort (0ms)
		DisableScriptedObjects (12ms)
		BackupInstance (0ms)
		ReleaseScriptingObjects (0ms)
		CreateAndSetChildDomain (74ms)
	RebuildCommonClasses (90ms)
	RebuildNativeTypeToScriptingClass (33ms)
	initialDomainReloadingComplete (81ms)
	LoadAllAssembliesAndSetupDomain (368ms)
		LoadAssemblies (536ms)
		RebuildTransferFunctionScriptingTraits (0ms)
		AnalyzeDomain (30ms)
			TypeCache.Refresh (12ms)
				TypeCache.ScanAssembly (0ms)
			ScanForSourceGeneratedMonoScriptInfo (10ms)
			ResolveRequiredComponents (7ms)
	FinalizeReload (1901ms)
		ReleaseScriptCaches (0ms)
		RebuildScriptCaches (0ms)
		SetupLoadedEditorAssemblies (628ms)
			LogAssemblyErrors (0ms)
			InitializePlatformSupportModulesInManaged (13ms)
			SetLoadedEditorAssemblies (6ms)
			RefreshPlugins (0ms)
			BeforeProcessingInitializeOnLoad (102ms)
			ProcessInitializeOnLoadAttributes (466ms)
			ProcessInitializeOnLoadMethodAttributes (31ms)
			AfterProcessingInitializeOnLoad (11ms)
			EditorAssembliesLoaded (0ms)
		ExecutionOrderSort2 (0ms)
		AwakeInstancesAfterBackupRestoration (11ms)
Refreshing native plugins compatible for Editor in 7.92 ms, found 3 plugins.
Preloading 0 native plugins for Editor in 0.00 ms.
Unloading 3244 Unused Serialized files (Serialized files now loaded: 0)
Unloading 25 unused Assets / (126.9 KB). Loaded Objects now: 3870.
Memory consumption went from 150.6 MB to 150.4 MB.
Total: 4.758400 ms (FindLiveObjects: 0.234500 ms CreateObjectMapping: 0.117700 ms MarkObjects: 4.230200 ms  DeleteObjects: 0.174500 ms)

Prepare: number of updated asset objects reloaded= 0
AssetImportParameters requested are different than current active one (requested -> active):
  custom:container-demuxer-ogg: 62fdf1f143b41e24485cea50d1cbac27 -> 
  custom:video-codec-MediaFoundation-h265: 746d11721c4dcdbdad8f713fa42b33f4 -> 
  custom:video-decoder-ogg-theora: a1e56fd34408186e4bbccfd4996cb3dc -> 
  custom:framework-win-MediaFoundation: 216162199b28c13a410421893ffa2e32 -> 
  custom:CustomObjectIndexerAttribute: 756ad292c208cfabdd7b50bc23989ffe -> 
  custom:container-demuxer-webm: 4f35f7cbe854078d1ac9338744f61a02 -> 
  custom:container-muxer-webm: aa71ff27fc2769a1b78a27578f13a17b -> 
  custom:video-decoder-webm-vp8: 9c59270c3fd7afecdb556c50c9e8de78 -> 
  custom:SearchIndexIgnoredProperties: e643bd26f0fe6173181afceb89e7c659 -> 
  custom:AudioImporter_EditorPlatform: d09bf68614088b80899f8185d706f6e7 -> 
  custom:video-encoder-webm-vp8: eb34c28f22e8b96e1ab97ce403110664 -> 
  custom:audio-decoder-ogg-vorbis: bf7c407c2cedff20999df2af8eb42d56 -> 
  custom:audio-encoder-webm-vorbis: bf7c407c2cedff20999df2af8eb42d56 -> 
