Using pre-set license
Built from '2022.3/staging' branch; Version is '2022.3.13f1 (5f90a5ebde0f) revision 6262949'; Using compiler version '192829333'; Build Type 'Release'
OS: 'Windows 11  (10.0.22621) 64bit CoreSingleLanguage' Language: 'en' Physical Memory: 16167 MB
BatchMode: 1, IsHumanControllingUs: 0, StartBugReporterOnCrash: 0, Is64bit: 1, IsPro: 1

COMMAND LINE ARGUMENTS:
C:\Program Files\Unity\Hub\Editor\2022.3.13f1\Editor\Unity.exe
-adb2
-batchMode
-noUpm
-name
AssetImportWorker0
-projectPath
C:/Users/anant/OneDrive/Desktop/arvr military
-logFile
Logs/AssetImportWorker0.log
-srvPort
64638
Successfully changed project path to: C:/Users/anant/OneDrive/Desktop/arvr military
C:/Users/anant/OneDrive/Desktop/arvr military
[UnityMemory] Configuration Parameters - Can be set up in boot.config
    "memorysetup-bucket-allocator-granularity=16"
    "memorysetup-bucket-allocator-bucket-count=8"
    "memorysetup-bucket-allocator-block-size=33554432"
    "memorysetup-bucket-allocator-block-count=8"
    "memorysetup-main-allocator-block-size=16777216"
    "memorysetup-thread-allocator-block-size=16777216"
    "memorysetup-gfx-main-allocator-block-size=16777216"
    "memorysetup-gfx-thread-allocator-block-size=16777216"
    "memorysetup-cache-allocator-block-size=4194304"
    "memorysetup-typetree-allocator-block-size=2097152"
    "memorysetup-profiler-bucket-allocator-granularity=16"
    "memorysetup-profiler-bucket-allocator-bucket-count=8"
    "memorysetup-profiler-bucket-allocator-block-size=33554432"
    "memorysetup-profiler-bucket-allocator-block-count=8"
    "memorysetup-profiler-allocator-block-size=16777216"
    "memorysetup-profiler-editor-allocator-block-size=1048576"
    "memorysetup-temp-allocator-size-main=16777216"
    "memorysetup-job-temp-allocator-block-size=2097152"
    "memorysetup-job-temp-allocator-block-size-background=1048576"
    "memorysetup-job-temp-allocator-reduction-small-platforms=262144"
    "memorysetup-allocator-temp-initial-block-size-main=262144"
    "memorysetup-allocator-temp-initial-block-size-worker=262144"
    "memorysetup-temp-allocator-size-background-worker=32768"
    "memorysetup-temp-allocator-size-job-worker=262144"
    "memorysetup-temp-allocator-size-preload-manager=33554432"
    "memorysetup-temp-allocator-size-nav-mesh-worker=65536"
    "memorysetup-temp-allocator-size-audio-worker=65536"
    "memorysetup-temp-allocator-size-cloud-worker=32768"
    "memorysetup-temp-allocator-size-gi-baking-worker=262144"
    "memorysetup-temp-allocator-size-gfx=262144"
Player connection [24708] Host "[IP] 192.168.1.10 [Port] 0 [Flags] 2 [Guid] 1511685854 [EditorId] 1511685854 [Version] 1048832 [Id] WindowsEditor(7,LAPTOP-M6C9HKEI) [Debug] 1 [PackageName] WindowsEditor [ProjectName] Editor" joined multi-casting on [225.0.0.222:54997]...

Player connection [24708] Host "[IP] 192.168.1.10 [Port] 0 [Flags] 2 [Guid] 1511685854 [EditorId] 1511685854 [Version] 1048832 [Id] WindowsEditor(7,LAPTOP-M6C9HKEI) [Debug] 1 [PackageName] WindowsEditor [ProjectName] Editor" joined alternative multi-casting on [225.0.0.222:34997]...

[Physics::Module] Initialized MultithreadedJobDispatcher with 7 workers.
Refreshing native plugins compatible for Editor in 12.45 ms, found 3 plugins.
Preloading 0 native plugins for Editor in 0.00 ms.
Initialize engine version: 2022.3.13f1 (5f90a5ebde0f)
[Subsystems] Discovering subsystems at path C:/Program Files/Unity/Hub/Editor/2022.3.13f1/Editor/Data/Resources/UnitySubsystems
[Subsystems] Discovering subsystems at path C:/Users/anant/OneDrive/Desktop/arvr military/Assets
GfxDevice: creating device client; threaded=0; jobified=0
Direct3D:
    Version:  Direct3D 11.0 [level 11.1]
    Renderer: Intel(R) Iris(R) Xe Graphics (ID=0x9a49)
    Vendor:   Intel
    VRAM:     8083 MB
    Driver:   30.0.101.1692
Initialize mono
Mono path[0] = 'C:/Program Files/Unity/Hub/Editor/2022.3.13f1/Editor/Data/Managed'
Mono path[1] = 'C:/Program Files/Unity/Hub/Editor/2022.3.13f1/Editor/Data/MonoBleedingEdge/lib/mono/unityjit-win32'
Mono config path = 'C:/Program Files/Unity/Hub/Editor/2022.3.13f1/Editor/Data/MonoBleedingEdge/etc'
Using monoOptions --debugger-agent=transport=dt_socket,embedding=1,server=y,suspend=n,address=127.0.0.1:56520
Begin MonoManager ReloadAssembly
Registering precompiled unity dll's ...
Register platform support module: C:/Program Files/Unity/Hub/Editor/2022.3.13f1/Editor/Data/PlaybackEngines/WebGLSupport/UnityEditor.WebGL.Extensions.dll
Register platform support module: C:/Program Files/Unity/Hub/Editor/2022.3.13f1/Editor/Data/PlaybackEngines/WindowsStandaloneSupport/UnityEditor.WindowsStandalone.Extensions.dll
Registered in 0.014199 seconds.
- Loaded All Assemblies, in  0.477 seconds
Native extension for WindowsStandalone target not found
Native extension for WebGL target not found
Mono: successfully reloaded assembly
- Finished resetting the current domain, in  0.381 seconds
Domain Reload Profiling: 856ms
	BeginReloadAssembly (178ms)
		ExecutionOrderSort (0ms)
		DisableScriptedObjects (0ms)
		BackupInstance (0ms)
		ReleaseScriptingObjects (0ms)
		CreateAndSetChildDomain (1ms)
	RebuildCommonClasses (47ms)
	RebuildNativeTypeToScriptingClass (13ms)
	initialDomainReloadingComplete (78ms)
	LoadAllAssembliesAndSetupDomain (159ms)
		LoadAssemblies (172ms)
		RebuildTransferFunctionScriptingTraits (0ms)
		AnalyzeDomain (157ms)
			TypeCache.Refresh (155ms)
				TypeCache.ScanAssembly (140ms)
			ScanForSourceGeneratedMonoScriptInfo (0ms)
			ResolveRequiredComponents (0ms)
	FinalizeReload (381ms)
		ReleaseScriptCaches (0ms)
		RebuildScriptCaches (0ms)
		SetupLoadedEditorAssemblies (313ms)
			LogAssemblyErrors (0ms)
			InitializePlatformSupportModulesInManaged (16ms)
			SetLoadedEditorAssemblies (8ms)
			RefreshPlugins (0ms)
			BeforeProcessingInitializeOnLoad (4ms)
			ProcessInitializeOnLoadAttributes (226ms)
			ProcessInitializeOnLoadMethodAttributes (58ms)
			AfterProcessingInitializeOnLoad (0ms)
			EditorAssembliesLoaded (0ms)
		ExecutionOrderSort2 (0ms)
		AwakeInstancesAfterBackupRestoration (0ms)
========================================================================
Worker process is ready to serve import requests
Begin MonoManager ReloadAssembly
- Loaded All Assemblies, in  0.843 seconds
Refreshing native plugins compatible for Editor in 3.31 ms, found 3 plugins.
Native extension for WindowsStandalone target not found
Native extension for WebGL target not found
Package Manager log level set to [2]
[Package Manager] Server::EnsureServerProcessIsRunning -- launch failed, reason: Unity was launched with the -noUpm command-line argument
[Package Manager] UpmClient::Send -- Unable to send message (not connected to UPM process).
[Package Manager] Cannot connect to Unity Package Manager local server
Mono: successfully reloaded assembly
- Finished resetting the current domain, in  0.654 seconds
Domain Reload Profiling: 1493ms
	BeginReloadAssembly (282ms)
		ExecutionOrderSort (0ms)
		DisableScriptedObjects (7ms)
		BackupInstance (0ms)
		ReleaseScriptingObjects (0ms)
		CreateAndSetChildDomain (26ms)
	RebuildCommonClasses (48ms)
	RebuildNativeTypeToScriptingClass (17ms)
	initialDomainReloadingComplete (56ms)
	LoadAllAssembliesAndSetupDomain (435ms)
		LoadAssemblies (440ms)
		RebuildTransferFunctionScriptingTraits (0ms)
		AnalyzeDomain (204ms)
			TypeCache.Refresh (184ms)
				TypeCache.ScanAssembly (164ms)
			ScanForSourceGeneratedMonoScriptInfo (15ms)
			ResolveRequiredComponents (4ms)
	FinalizeReload (654ms)
		ReleaseScriptCaches (0ms)
		RebuildScriptCaches (0ms)
		SetupLoadedEditorAssemblies (477ms)
			LogAssemblyErrors (0ms)
			InitializePlatformSupportModulesInManaged (11ms)
			SetLoadedEditorAssemblies (6ms)
			RefreshPlugins (0ms)
			BeforeProcessingInitializeOnLoad (73ms)
			ProcessInitializeOnLoadAttributes (356ms)
			ProcessInitializeOnLoadMethodAttributes (22ms)
			AfterProcessingInitializeOnLoad (9ms)
			EditorAssembliesLoaded (0ms)
		ExecutionOrderSort2 (0ms)
		AwakeInstancesAfterBackupRestoration (9ms)
Launched and connected shader compiler UnityShaderCompiler.exe after 0.05 seconds
Refreshing native plugins compatible for Editor in 3.19 ms, found 3 plugins.
Preloading 0 native plugins for Editor in 0.00 ms.
Unloading 3082 Unused Serialized files (Serialized files now loaded: 0)
Unloading 32 unused Assets / (56.8 KB). Loaded Objects now: 3543.
Memory consumption went from 121.8 MB to 121.7 MB.
Total: 2.500600 ms (FindLiveObjects: 0.206300 ms CreateObjectMapping: 0.102400 ms MarkObjects: 2.096400 ms  DeleteObjects: 0.094200 ms)

AssetImportParameters requested are different than current active one (requested -> active):
  custom:container-demuxer-ogg: 62fdf1f143b41e24485cea50d1cbac27 -> 
  custom:video-codec-MediaFoundation-h265: 746d11721c4dcdbdad8f713fa42b33f4 -> 
  custom:video-decoder-ogg-theora: a1e56fd34408186e4bbccfd4996cb3dc -> 
  custom:framework-win-MediaFoundation: 216162199b28c13a410421893ffa2e32 -> 
  custom:CustomObjectIndexerAttribute: 756ad292c208cfabdd7b50bc23989ffe -> 
  custom:container-demuxer-webm: 4f35f7cbe854078d1ac9338744f61a02 -> 
  custom:container-muxer-webm: aa71ff27fc2769a1b78a27578f13a17b -> 
  custom:video-decoder-webm-vp8: 9c59270c3fd7afecdb556c50c9e8de78 -> 
  custom:SearchIndexIgnoredProperties: e643bd26f0fe6173181afceb89e7c659 -> 
  custom:AudioImporter_EditorPlatform: d09bf68614088b80899f8185d706f6e7 -> 
  custom:video-encoder-webm-vp8: eb34c28f22e8b96e1ab97ce403110664 -> 
  custom:audio-decoder-ogg-vorbis: bf7c407c2cedff20999df2af8eb42d56 -> 
  custom:audio-encoder-webm-vorbis: bf7c407c2cedff20999df2af8eb42d56 -> 
========================================================================
Received Import Request.
  Time since last request: 1562217.928590 seconds.
  path: Assets/Scenes/Mission.unity
  artifactKey: Guid(9fc0d4010bbf28b4594072e72b8655ab) Importer(815301076,1909f56bfc062723c751e8b465ee728b)
Start importing Assets/Scenes/Mission.unity using Guid(9fc0d4010bbf28b4594072e72b8655ab) Importer(815301076,1909f56bfc062723c751e8b465ee728b)  -> (artifact id: '2b2321cb6a791e6314361c59c406f345') in 0.002521 seconds
Number of updated asset objects reloaded before import = 0
Number of asset objects unloaded after import = 0
========================================================================
Received Import Request.
  Time since last request: 887.100798 seconds.
  path: Assets/Sprites/Sprites/MainMenu.jpg
  artifactKey: Guid(74dfaf0f0bc64b14487f6e57589d58b6) Importer(815301076,1909f56bfc062723c751e8b465ee728b)
Start importing Assets/Sprites/Sprites/MainMenu.jpg using Guid(74dfaf0f0bc64b14487f6e57589d58b6) Importer(815301076,1909f56bfc062723c751e8b465ee728b)  -> (artifact id: '0468581376f8a22cfe1bd78a70192d40') in 0.083110 seconds
Number of updated asset objects reloaded before import = 0
Number of asset objects unloaded after import = 2
========================================================================
Received Import Request.
  Time since last request: 0.000034 seconds.
  path: Assets/Sprites/Sprites/PlayerRifle.png
  artifactKey: Guid(e5106a34e123eab409b9181f876741b8) Importer(815301076,1909f56bfc062723c751e8b465ee728b)
Start importing Assets/Sprites/Sprites/PlayerRifle.png using Guid(e5106a34e123eab409b9181f876741b8) Importer(815301076,1909f56bfc062723c751e8b465ee728b)  -> (artifact id: '1a2ca2ad88c1966683a0480f7e18bac0') in 0.032770 seconds
Number of updated asset objects reloaded before import = 0
Number of asset objects unloaded after import = 2
========================================================================
Received Import Request.
  Time since last request: 1.662010 seconds.
  path: Assets/Sprites/Sprites/Crosshairs/crosshair001.png
  artifactKey: Guid(859a05d616ed1b449a4fd0b67c7ff2b8) Importer(815301076,1909f56bfc062723c751e8b465ee728b)
Start importing Assets/Sprites/Sprites/Crosshairs/crosshair001.png using Guid(859a05d616ed1b449a4fd0b67c7ff2b8) Importer(815301076,1909f56bfc062723c751e8b465ee728b)  -> (artifact id: '6afa3998fa63939f550b11cfdfdda0fd') in 0.090017 seconds
Number of updated asset objects reloaded before import = 0
Number of asset objects unloaded after import = 3
========================================================================
Received Import Request.
  Time since last request: 0.000039 seconds.
  path: Assets/Sprites/Sprites/Crosshairs/crosshair016.png
  artifactKey: Guid(d2c079c4eab4ac14a8b914f64248532a) Importer(815301076,1909f56bfc062723c751e8b465ee728b)
Start importing Assets/Sprites/Sprites/Crosshairs/crosshair016.png using Guid(d2c079c4eab4ac14a8b914f64248532a) Importer(815301076,1909f56bfc062723c751e8b465ee728b)  -> (artifact id: '918ccc0ddc260ba6dc5ff9db0021e804') in 0.030834 seconds
Number of updated asset objects reloaded before import = 0
Number of asset objects unloaded after import = 3
========================================================================
Received Import Request.
  Time since last request: 0.000176 seconds.
  path: Assets/Sprites/Sprites/Crosshairs/crosshair029.png
  artifactKey: Guid(aebd0580692dda34d872e0aec86f7880) Importer(815301076,1909f56bfc062723c751e8b465ee728b)
Start importing Assets/Sprites/Sprites/Crosshairs/crosshair029.png using Guid(aebd0580692dda34d872e0aec86f7880) Importer(815301076,1909f56bfc062723c751e8b465ee728b)  -> (artifact id: 'ddaba2fdd8d91635b3cac5cb3b0bc62a') in 0.036336 seconds
Number of updated asset objects reloaded before import = 0
Number of asset objects unloaded after import = 3
========================================================================
Received Import Request.
  Time since last request: 0.000022 seconds.
  path: Assets/Sprites/Sprites/Crosshairs/crosshair009.png
  artifactKey: Guid(81c89d91d779958438b9f5440a569648) Importer(815301076,1909f56bfc062723c751e8b465ee728b)
Start importing Assets/Sprites/Sprites/Crosshairs/crosshair009.png using Guid(81c89d91d779958438b9f5440a569648) Importer(815301076,1909f56bfc062723c751e8b465ee728b)  -> (artifact id: 'e2c4e104accf2d864cb7614aa6207ab3') in 0.031443 seconds
Number of updated asset objects reloaded before import = 0
Number of asset objects unloaded after import = 3
========================================================================
Received Import Request.
  Time since last request: 0.000024 seconds.
  path: Assets/Sprites/Sprites/Crosshairs/crosshair005.png
  artifactKey: Guid(771bc6db47ec0694bb6d20fe699e0fef) Importer(815301076,1909f56bfc062723c751e8b465ee728b)
Start importing Assets/Sprites/Sprites/Crosshairs/crosshair005.png using Guid(771bc6db47ec0694bb6d20fe699e0fef) Importer(815301076,1909f56bfc062723c751e8b465ee728b)  -> (artifact id: 'bc89485d0d4248b611cbdad9404124a8') in 0.032233 seconds
Number of updated asset objects reloaded before import = 0
Number of asset objects unloaded after import = 3
========================================================================
Received Import Request.
  Time since last request: 0.000028 seconds.
  path: Assets/Sprites/Sprites/Crosshairs/crosshair023.png
  artifactKey: Guid(5036a42352b41d44bab776eb7965c93d) Importer(815301076,1909f56bfc062723c751e8b465ee728b)
Start importing Assets/Sprites/Sprites/Crosshairs/crosshair023.png using Guid(5036a42352b41d44bab776eb7965c93d) Importer(815301076,1909f56bfc062723c751e8b465ee728b)  -> (artifact id: 'd5deaca208fbee6e7f11cebe9c4ae943') in 0.027579 seconds
Number of updated asset objects reloaded before import = 0
Number of asset objects unloaded after import = 3
========================================================================
Received Import Request.
  Time since last request: 0.000042 seconds.
  path: Assets/Sprites/Sprites/Crosshairs
  artifactKey: Guid(fde108667048a6c4d97b12d8e946cc4a) Importer(815301076,1909f56bfc062723c751e8b465ee728b)
Start importing Assets/Sprites/Sprites/Crosshairs using Guid(fde108667048a6c4d97b12d8e946cc4a) Importer(815301076,1909f56bfc062723c751e8b465ee728b)  -> (artifact id: '4864b0e25ab86aa899c86ad389dc7cd8') in 0.000908 seconds
Number of updated asset objects reloaded before import = 0
Number of asset objects unloaded after import = 0
========================================================================
Received Import Request.
  Time since last request: 0.000106 seconds.
  path: Assets/Sprites/Sprites/Crosshairs/crosshair030.png
  artifactKey: Guid(a048b7e299b632a408bbdcd2f2258618) Importer(815301076,1909f56bfc062723c751e8b465ee728b)
Start importing Assets/Sprites/Sprites/Crosshairs/crosshair030.png using Guid(a048b7e299b632a408bbdcd2f2258618) Importer(815301076,1909f56bfc062723c751e8b465ee728b)  -> (artifact id: 'ec9d27aaf4524d58ce0560a0f3450898') in 0.029417 seconds
Number of updated asset objects reloaded before import = 0
Number of asset objects unloaded after import = 3
========================================================================
Received Import Request.
  Time since last request: 0.000039 seconds.
  path: Assets/Sprites/Sprites/Crosshairs/crosshair007.png
  artifactKey: Guid(38b443e624c88dc459be7a74e384b79d) Importer(815301076,1909f56bfc062723c751e8b465ee728b)
Start importing Assets/Sprites/Sprites/Crosshairs/crosshair007.png using Guid(38b443e624c88dc459be7a74e384b79d) Importer(815301076,1909f56bfc062723c751e8b465ee728b)  -> (artifact id: '7c41c08bc16ada11b3e5d1e777669316') in 0.031560 seconds
Number of updated asset objects reloaded before import = 0
Number of asset objects unloaded after import = 3
========================================================================
Received Import Request.
  Time since last request: 0.000330 seconds.
  path: Assets/Sprites/Sprites/Crosshairs/crosshair036.png
  artifactKey: Guid(98a180cc78d4f2543b12f20d9e876370) Importer(815301076,1909f56bfc062723c751e8b465ee728b)
Start importing Assets/Sprites/Sprites/Crosshairs/crosshair036.png using Guid(98a180cc78d4f2543b12f20d9e876370) Importer(815301076,1909f56bfc062723c751e8b465ee728b)  -> (artifact id: '77fd70f148e3af1b5bdd8f40cc4f0cdb') in 0.033871 seconds
Number of updated asset objects reloaded before import = 0
Number of asset objects unloaded after import = 3
========================================================================
Received Import Request.
  Time since last request: 0.000025 seconds.
  path: Assets/Sprites/Sprites/Crosshairs/crosshair012.png
  artifactKey: Guid(ffd2c6d24e331e54e8448617adfa3889) Importer(815301076,1909f56bfc062723c751e8b465ee728b)
Start importing Assets/Sprites/Sprites/Crosshairs/crosshair012.png using Guid(ffd2c6d24e331e54e8448617adfa3889) Importer(815301076,1909f56bfc062723c751e8b465ee728b)  -> (artifact id: 'c03933a6c770d47fd41f7dd82754fad3') in 0.038347 seconds
Number of updated asset objects reloaded before import = 0
Number of asset objects unloaded after import = 3
========================================================================
Received Import Request.
  Time since last request: 0.001391 seconds.
  path: Assets/Sprites/Sprites/Crosshairs/crosshair031.png
  artifactKey: Guid(ffb13b906f9cec449920c9355cb205fb) Importer(815301076,1909f56bfc062723c751e8b465ee728b)
Start importing Assets/Sprites/Sprites/Crosshairs/crosshair031.png using Guid(ffb13b906f9cec449920c9355cb205fb) Importer(815301076,1909f56bfc062723c751e8b465ee728b)  -> (artifact id: '9eca2fea813a46599978000ac9d4898c') in 0.059343 seconds
Number of updated asset objects reloaded before import = 0
Number of asset objects unloaded after import = 3
========================================================================
Received Import Request.
  Time since last request: 0.000029 seconds.
  path: Assets/Sprites/Sprites/Crosshairs/crosshair014.png
  artifactKey: Guid(a2339550382ddfb4496bad5a43410a20) Importer(815301076,1909f56bfc062723c751e8b465ee728b)
Start importing Assets/Sprites/Sprites/Crosshairs/crosshair014.png using Guid(a2339550382ddfb4496bad5a43410a20) Importer(815301076,1909f56bfc062723c751e8b465ee728b)  -> (artifact id: '5b35876f6c6fd90a10e92ffa60819c4d') in 0.034040 seconds
Number of updated asset objects reloaded before import = 0
Number of asset objects unloaded after import = 3
========================================================================
Received Import Request.
  Time since last request: 0.000035 seconds.
  path: Assets/Sprites/Sprites/Crosshairs/crosshair034.png
  artifactKey: Guid(537571f2787f68b4cb192b0adb2795b7) Importer(815301076,1909f56bfc062723c751e8b465ee728b)
Start importing Assets/Sprites/Sprites/Crosshairs/crosshair034.png using Guid(537571f2787f68b4cb192b0adb2795b7) Importer(815301076,1909f56bfc062723c751e8b465ee728b)  -> (artifact id: '11c8fe0bdc32d40398f11338218f9463') in 0.031926 seconds
Number of updated asset objects reloaded before import = 0
Number of asset objects unloaded after import = 3
========================================================================
Received Import Request.
  Time since last request: 0.000083 seconds.
  path: Assets/Sprites/Sprites/Crosshairs/crosshair018.png
  artifactKey: Guid(4da3e140ddf2e7e4baf56f87ca4e0c2f) Importer(815301076,1909f56bfc062723c751e8b465ee728b)
Start importing Assets/Sprites/Sprites/Crosshairs/crosshair018.png using Guid(4da3e140ddf2e7e4baf56f87ca4e0c2f) Importer(815301076,1909f56bfc062723c751e8b465ee728b)  -> (artifact id: '70776bafa303f27229640b81755a207d') in 0.035739 seconds
Number of updated asset objects reloaded before import = 0
Number of asset objects unloaded after import = 3
========================================================================
Received Import Request.
  Time since last request: 0.000617 seconds.
  path: Assets/Sprites/Sprites/Crosshairs/crosshair006.png
  artifactKey: Guid(e492f66162eae38439e19b9ad64e9c28) Importer(815301076,1909f56bfc062723c751e8b465ee728b)
Start importing Assets/Sprites/Sprites/Crosshairs/crosshair006.png using Guid(e492f66162eae38439e19b9ad64e9c28) Importer(815301076,1909f56bfc062723c751e8b465ee728b)  -> (artifact id: '1d1618a29273ee0c81849c7e5f2ac690') in 0.031686 seconds
Number of updated asset objects reloaded before import = 0
Number of asset objects unloaded after import = 3
========================================================================
Received Import Request.
  Time since last request: 0.000079 seconds.
  path: Assets/Sprites/Sprites/Crosshairs/crosshair004.png
  artifactKey: Guid(ad13097262e0a0d468f7d89bd1c2da92) Importer(815301076,1909f56bfc062723c751e8b465ee728b)
Start importing Assets/Sprites/Sprites/Crosshairs/crosshair004.png using Guid(ad13097262e0a0d468f7d89bd1c2da92) Importer(815301076,1909f56bfc062723c751e8b465ee728b)  -> (artifact id: '3026ac8fae50b38348d68647f312d64f') in 0.033628 seconds
Number of updated asset objects reloaded before import = 0
Number of asset objects unloaded after import = 3
========================================================================
Received Import Request.
  Time since last request: 0.000027 seconds.
  path: Assets/Sprites/Sprites/Crosshairs/crosshair011.png
  artifactKey: Guid(898274c79573c7947979c3aa86fa6184) Importer(815301076,1909f56bfc062723c751e8b465ee728b)
Start importing Assets/Sprites/Sprites/Crosshairs/crosshair011.png using Guid(898274c79573c7947979c3aa86fa6184) Importer(815301076,1909f56bfc062723c751e8b465ee728b)  -> (artifact id: 'f7b0a47638fdededfc859a3ef45e8c20') in 0.035388 seconds
Number of updated asset objects reloaded before import = 0
Number of asset objects unloaded after import = 3
========================================================================
Received Import Request.
  Time since last request: 0.000025 seconds.
  path: Assets/Sprites/Sprites/Crosshairs/crosshair010.png
  artifactKey: Guid(3b9f9dad707e111428c5da20b6b2fde8) Importer(815301076,1909f56bfc062723c751e8b465ee728b)
Start importing Assets/Sprites/Sprites/Crosshairs/crosshair010.png using Guid(3b9f9dad707e111428c5da20b6b2fde8) Importer(815301076,1909f56bfc062723c751e8b465ee728b)  -> (artifact id: '455897d6e01dccad5dcffa6312ffe66c') in 0.043902 seconds
Number of updated asset objects reloaded before import = 0
Number of asset objects unloaded after import = 3
========================================================================
Received Import Request.
  Time since last request: 0.002038 seconds.
  path: Assets/Sprites/Sprites/Crosshairs/crosshair024.png
  artifactKey: Guid(9bc1aa66e0187d54f850155fd7f63043) Importer(815301076,1909f56bfc062723c751e8b465ee728b)
Start importing Assets/Sprites/Sprites/Crosshairs/crosshair024.png using Guid(9bc1aa66e0187d54f850155fd7f63043) Importer(815301076,1909f56bfc062723c751e8b465ee728b)  -> (artifact id: '6d4a60a64788ffde954f43df048554ab') in 0.074758 seconds
Number of updated asset objects reloaded before import = 0
Number of asset objects unloaded after import = 3
========================================================================
Received Import Request.
  Time since last request: 53.945707 seconds.
  path: Assets/Sprites/Sprites/PlayerRifle.png
  artifactKey: Guid(e5106a34e123eab409b9181f876741b8) Importer(815301076,1909f56bfc062723c751e8b465ee728b)
Start importing Assets/Sprites/Sprites/PlayerRifle.png using Guid(e5106a34e123eab409b9181f876741b8) Importer(815301076,1909f56bfc062723c751e8b465ee728b)  -> (artifact id: '0807c84f3df70448471443649417cd50') in 0.031232 seconds
Number of updated asset objects reloaded before import = 0
Number of asset objects unloaded after import = 3
========================================================================
Received Import Request.
  Time since last request: 7.720922 seconds.
  path: Assets/Sprites/Sprites/PlayerProfile.png
  artifactKey: Guid(dbad74f5f930a2a44a1496675affc71a) Importer(815301076,1909f56bfc062723c751e8b465ee728b)
Start importing Assets/Sprites/Sprites/PlayerProfile.png using Guid(dbad74f5f930a2a44a1496675affc71a) Importer(815301076,1909f56bfc062723c751e8b465ee728b)  -> (artifact id: '83f7c279b22a5949ed04f0de498962c9') in 0.033524 seconds
Number of updated asset objects reloaded before import = 0
Number of asset objects unloaded after import = 3
========================================================================
Received Import Request.
  Time since last request: 6.608379 seconds.
  path: Assets/Sprites/Sprites/MainMenu.jpg
  artifactKey: Guid(74dfaf0f0bc64b14487f6e57589d58b6) Importer(815301076,1909f56bfc062723c751e8b465ee728b)
Start importing Assets/Sprites/Sprites/MainMenu.jpg using Guid(74dfaf0f0bc64b14487f6e57589d58b6) Importer(815301076,1909f56bfc062723c751e8b465ee728b)  -> (artifact id: '5afc1385503afa0485e7885c2c649e41') in 0.036316 seconds
Number of updated asset objects reloaded before import = 0
Number of asset objects unloaded after import = 3
========================================================================
Received Import Request.
  Time since last request: 31.851740 seconds.
  path: Assets/Sprites/Sprites/MainMenu.jpg
  artifactKey: Guid(74dfaf0f0bc64b14487f6e57589d58b6) Importer(815301076,1909f56bfc062723c751e8b465ee728b)
Start importing Assets/Sprites/Sprites/MainMenu.jpg using Guid(74dfaf0f0bc64b14487f6e57589d58b6) Importer(815301076,1909f56bfc062723c751e8b465ee728b)  -> (artifact id: 'abc205cba5337332bd88dde8a919a82f') in 0.046618 seconds
Number of updated asset objects reloaded before import = 0
Number of asset objects unloaded after import = 2
========================================================================
Received Import Request.
  Time since last request: 18.338913 seconds.
  path: Assets/Scenes/Menu.unity
  artifactKey: Guid(9fc0d4010bbf28b4594072e72b8655ab) Importer(815301076,1909f56bfc062723c751e8b465ee728b)
Start importing Assets/Scenes/Menu.unity using Guid(9fc0d4010bbf28b4594072e72b8655ab) Importer(815301076,1909f56bfc062723c751e8b465ee728b)  -> (artifact id: '3017c0a49ba4f3fe8106b1d5b3266ae5') in 0.000794 seconds
Number of updated asset objects reloaded before import = 0
Number of asset objects unloaded after import = 0
========================================================================
Received Import Request.
  Time since last request: 230.158057 seconds.
  path: Assets/industrial_zone/scene_night.unity
  artifactKey: Guid(782f1cb7aafe83540be8e318f12196c1) Importer(815301076,1909f56bfc062723c751e8b465ee728b)
Start importing Assets/industrial_zone/scene_night.unity using Guid(782f1cb7aafe83540be8e318f12196c1) Importer(815301076,1909f56bfc062723c751e8b465ee728b)  -> (artifact id: '38257956906cc00b7ab9877039430fb1') in 0.000691 seconds
Number of updated asset objects reloaded before import = 0
Number of asset objects unloaded after import = 0
========================================================================
Received Import Request.
  Time since last request: 177.622662 seconds.
  path: Assets/Scenes/Mission.unity
  artifactKey: Guid(782f1cb7aafe83540be8e318f12196c1) Importer(815301076,1909f56bfc062723c751e8b465ee728b)
Start importing Assets/Scenes/Mission.unity using Guid(782f1cb7aafe83540be8e318f12196c1) Importer(815301076,1909f56bfc062723c751e8b465ee728b)  -> (artifact id: '6207c7badd0651e84fb8e850a7edbe36') in 0.000704 seconds
Number of updated asset objects reloaded before import = 0
Number of asset objects unloaded after import = 0
========================================================================
Received Import Request.
  Time since last request: 64.854712 seconds.
  path: Assets/industrial_zone/Prefab/airconditioner.prefab
  artifactKey: Guid(8738a6924956dd444981fc3da5fc124c) Importer(815301076,1909f56bfc062723c751e8b465ee728b)
Start importing Assets/industrial_zone/Prefab/airconditioner.prefab using Guid(8738a6924956dd444981fc3da5fc124c) Importer(815301076,1909f56bfc062723c751e8b465ee728b)  -> (artifact id: 'ab9514a04e42c9326eb3b1cb6f44f072') in 1.291097 seconds
Number of updated asset objects reloaded before import = 0
Number of asset objects unloaded after import = 13
========================================================================
Received Import Request.
  Time since last request: 0.000042 seconds.
  path: Assets/industrial_zone/Prefab/building_d.prefab
  artifactKey: Guid(fe3ac520f4f9f0c4888ad9889eaa30bb) Importer(815301076,1909f56bfc062723c751e8b465ee728b)
Start importing Assets/industrial_zone/Prefab/building_d.prefab using Guid(fe3ac520f4f9f0c4888ad9889eaa30bb) Importer(815301076,1909f56bfc062723c751e8b465ee728b)  -> (artifact id: 'd5ee4df84cca1a06aa2881d7ef8c7b7c') in 0.088744 seconds
Number of updated asset objects reloaded before import = 0
Number of asset objects unloaded after import = 13
========================================================================
Received Import Request.
  Time since last request: 94.425672 seconds.
  path: Assets/Scenes/MissionSettings.lighting
  artifactKey: Guid(b70e084e8cb13444e852f4062762dfb7) Importer(815301076,1909f56bfc062723c751e8b465ee728b)
Start importing Assets/Scenes/MissionSettings.lighting using Guid(b70e084e8cb13444e852f4062762dfb7) Importer(815301076,1909f56bfc062723c751e8b465ee728b)  -> (artifact id: 'f30ef06019a66d12c0748ae68bb2b0a3') in 0.002333 seconds
Number of updated asset objects reloaded before import = 0
Number of asset objects unloaded after import = 1
========================================================================
Received Import Request.
  Time since last request: 181.910020 seconds.
  path: Assets/Scenes/Mission.unity
  artifactKey: Guid(782f1cb7aafe83540be8e318f12196c1) Importer(815301076,1909f56bfc062723c751e8b465ee728b)
Start importing Assets/Scenes/Mission.unity using Guid(782f1cb7aafe83540be8e318f12196c1) Importer(815301076,1909f56bfc062723c751e8b465ee728b)  -> (artifact id: '49d80d11e31d67491e3abcd55735551d') in 0.001369 seconds
Number of updated asset objects reloaded before import = 0
Number of asset objects unloaded after import = 0
========================================================================
Received Import Request.
  Time since last request: 1638.209382 seconds.
  path: Assets/industrial_zone/Particles/Source/fog.mat
  artifactKey: Guid(fd592d9a7b4752545b6d07f8f908ceb0) Importer(815301076,1909f56bfc062723c751e8b465ee728b)
Start importing Assets/industrial_zone/Particles/Source/fog.mat using Guid(fd592d9a7b4752545b6d07f8f908ceb0) Importer(815301076,1909f56bfc062723c751e8b465ee728b)  -> (artifact id: '9c13ca52625782c2a7439edd1f35f366') in 0.643158 seconds
Number of updated asset objects reloaded before import = 0
Number of asset objects unloaded after import = 2
========================================================================
Received Import Request.
  Time since last request: 511.332639 seconds.
  path: Assets/Prefabs
  artifactKey: Guid(1ebd41ec5af29484fa7b15d29435ab92) Importer(815301076,1909f56bfc062723c751e8b465ee728b)
Start importing Assets/Prefabs using Guid(1ebd41ec5af29484fa7b15d29435ab92) Importer(815301076,1909f56bfc062723c751e8b465ee728b)  -> (artifact id: '54950f6ee9bfc54e9258845468c0924d') in 0.001294 seconds
Number of updated asset objects reloaded before import = 0
Number of asset objects unloaded after import = 0
========================================================================
Received Import Request.
  Time since last request: 58.997347 seconds.
  path: Assets/Prefabs/Warehouse
  artifactKey: Guid(d30da7ca633df9343b35e4173f963f20) Importer(815301076,1909f56bfc062723c751e8b465ee728b)
Start importing Assets/Prefabs/Warehouse using Guid(d30da7ca633df9343b35e4173f963f20) Importer(815301076,1909f56bfc062723c751e8b465ee728b)  -> (artifact id: '215176fed25673dcbaceb1c666892cec') in 0.001139 seconds
Number of updated asset objects reloaded before import = 0
Number of asset objects unloaded after import = 0
========================================================================
Received Import Request.
  Time since last request: 0.648610 seconds.
  path: Assets/Prefabs/Warehouse/warehouse.fbx
  artifactKey: Guid(603e07491d77faa46a89094a29f68814) Importer(815301076,1909f56bfc062723c751e8b465ee728b)
Start importing Assets/Prefabs/Warehouse/warehouse.fbx using Guid(603e07491d77faa46a89094a29f68814) Importer(815301076,1909f56bfc062723c751e8b465ee728b)  -> (artifact id: '9ee003b9ad238594398a86a685695c21') in 0.554830 seconds
Number of updated asset objects reloaded before import = 0
Number of asset objects unloaded after import = 44
========================================================================
Received Import Request.
  Time since last request: 22.840068 seconds.
  path: Assets/Prefabs/Warehouse/warehouse.fbm/3R7jDy.jpg
  artifactKey: Guid(e862a21e766ee0e4f8e2cae6ac3540fe) Importer(815301076,1909f56bfc062723c751e8b465ee728b)
Start importing Assets/Prefabs/Warehouse/warehouse.fbm/3R7jDy.jpg using Guid(e862a21e766ee0e4f8e2cae6ac3540fe) Importer(815301076,1909f56bfc062723c751e8b465ee728b)  -> (artifact id: '79093cd7b3cdca1859ebd087de71c0d2') in 0.038271 seconds
Number of updated asset objects reloaded before import = 0
Number of asset objects unloaded after import = 2
========================================================================
Received Import Request.
  Time since last request: 0.000275 seconds.
  path: Assets/Prefabs/Warehouse/warehouse.fbm
  artifactKey: Guid(c71b8f86922152640b8a803b43237724) Importer(815301076,1909f56bfc062723c751e8b465ee728b)
Start importing Assets/Prefabs/Warehouse/warehouse.fbm using Guid(c71b8f86922152640b8a803b43237724) Importer(815301076,1909f56bfc062723c751e8b465ee728b)  -> (artifact id: 'c1403d71742caf4555842930338abe8c') in 0.000734 seconds
Number of updated asset objects reloaded before import = 0
Number of asset objects unloaded after import = 0
========================================================================
Received Import Request.
  Time since last request: 0.000122 seconds.
  path: Assets/Prefabs/Warehouse/warehouse.fbm/Previewdirtywalls.jpg
  artifactKey: Guid(7f401f5e8515077489d122646e45ed8d) Importer(815301076,1909f56bfc062723c751e8b465ee728b)
Start importing Assets/Prefabs/Warehouse/warehouse.fbm/Previewdirtywalls.jpg using Guid(7f401f5e8515077489d122646e45ed8d) Importer(815301076,1909f56bfc062723c751e8b465ee728b)  -> (artifact id: 'd69020899e2d7612a16b9f62f7f0ba9a') in 0.034429 seconds
Number of updated asset objects reloaded before import = 0
Number of asset objects unloaded after import = 2
========================================================================
Received Prepare
Begin MonoManager ReloadAssembly
- Loaded All Assemblies, in  1.738 seconds
Refreshing native plugins compatible for Editor in 7.13 ms, found 3 plugins.
Native extension for WindowsStandalone target not found
Native extension for WebGL target not found
[Package Manager] Server::EnsureServerProcessIsRunning -- launch failed, reason: Unity was launched with the -noUpm command-line argument
[Package Manager] UpmClient::Send -- Unable to send message (not connected to UPM process).
[Package Manager] Cannot connect to Unity Package Manager local server
Mono: successfully reloaded assembly
- Finished resetting the current domain, in 22.415 seconds
Domain Reload Profiling: 24144ms
	BeginReloadAssembly (629ms)
		ExecutionOrderSort (0ms)
		DisableScriptedObjects (25ms)
		BackupInstance (0ms)
		ReleaseScriptingObjects (0ms)
		CreateAndSetChildDomain (239ms)
	RebuildCommonClasses (88ms)
	RebuildNativeTypeToScriptingClass (18ms)
	initialDomainReloadingComplete (46ms)
	LoadAllAssembliesAndSetupDomain (947ms)
		LoadAssemblies (1008ms)
		RebuildTransferFunctionScriptingTraits (0ms)
		AnalyzeDomain (102ms)
			TypeCache.Refresh (19ms)
				TypeCache.ScanAssembly (1ms)
			ScanForSourceGeneratedMonoScriptInfo (12ms)
			ResolveRequiredComponents (66ms)
	FinalizeReload (22415ms)
		ReleaseScriptCaches (0ms)
		RebuildScriptCaches (0ms)
		SetupLoadedEditorAssemblies (404ms)
			LogAssemblyErrors (0ms)
			InitializePlatformSupportModulesInManaged (10ms)
			SetLoadedEditorAssemblies (4ms)
			RefreshPlugins (0ms)
			BeforeProcessingInitializeOnLoad (65ms)
			ProcessInitializeOnLoadAttributes (291ms)
			ProcessInitializeOnLoadMethodAttributes (25ms)
			AfterProcessingInitializeOnLoad (8ms)
			EditorAssembliesLoaded (0ms)
		ExecutionOrderSort2 (0ms)
		AwakeInstancesAfterBackupRestoration (9ms)
Refreshing native plugins compatible for Editor in 5.30 ms, found 3 plugins.
Preloading 0 native plugins for Editor in 0.00 ms.
Unloading 3077 Unused Serialized files (Serialized files now loaded: 0)
Unloading 23 unused Assets / (31.1 KB). Loaded Objects now: 3604.
Memory consumption went from 127.6 MB to 127.5 MB.
Total: 8.446800 ms (FindLiveObjects: 0.407600 ms CreateObjectMapping: 0.182600 ms MarkObjects: 7.747000 ms  DeleteObjects: 0.099800 ms)

Prepare: number of updated asset objects reloaded= 0
AssetImportParameters requested are different than current active one (requested -> active):
  custom:container-demuxer-ogg: 62fdf1f143b41e24485cea50d1cbac27 -> 
  custom:video-codec-MediaFoundation-h265: 746d11721c4dcdbdad8f713fa42b33f4 -> 
  custom:video-decoder-ogg-theora: a1e56fd34408186e4bbccfd4996cb3dc -> 
  custom:framework-win-MediaFoundation: 216162199b28c13a410421893ffa2e32 -> 
  custom:CustomObjectIndexerAttribute: 756ad292c208cfabdd7b50bc23989ffe -> 
  custom:container-demuxer-webm: 4f35f7cbe854078d1ac9338744f61a02 -> 
  custom:container-muxer-webm: aa71ff27fc2769a1b78a27578f13a17b -> 
  custom:video-decoder-webm-vp8: 9c59270c3fd7afecdb556c50c9e8de78 -> 
  custom:SearchIndexIgnoredProperties: e643bd26f0fe6173181afceb89e7c659 -> 
  custom:AudioImporter_EditorPlatform: d09bf68614088b80899f8185d706f6e7 -> 
  custom:video-encoder-webm-vp8: eb34c28f22e8b96e1ab97ce403110664 -> 
  custom:audio-decoder-ogg-vorbis: bf7c407c2cedff20999df2af8eb42d56 -> 
  custom:audio-encoder-webm-vorbis: bf7c407c2cedff20999df2af8eb42d56 -> 
========================================================================
Received Import Request.
  Time since last request: 803.424265 seconds.
  path: Assets/MBCP/Prefabs
  artifactKey: Guid(17286ec2741ad4544b61ae0af584e88f) Importer(815301076,1909f56bfc062723c751e8b465ee728b)
Start importing Assets/MBCP/Prefabs using Guid(17286ec2741ad4544b61ae0af584e88f) Importer(815301076,1909f56bfc062723c751e8b465ee728b)  -> (artifact id: '99dae57988a18b1eef9d32e4e895b45b') in 0.005146 seconds
Number of updated asset objects reloaded before import = 0
Number of asset objects unloaded after import = 0
========================================================================
Received Import Request.
  Time since last request: 22.510517 seconds.
  path: Assets/MBCP/Prefabs/Props/Alu_Board.prefab
  artifactKey: Guid(4424b27b6febe054abf994185afd7d16) Importer(815301076,1909f56bfc062723c751e8b465ee728b)
Start importing Assets/MBCP/Prefabs/Props/Alu_Board.prefab using Guid(4424b27b6febe054abf994185afd7d16) Importer(815301076,1909f56bfc062723c751e8b465ee728b)  -> (artifact id: '34bd1654a8eebd419eb66b7df6eff168') in 1.563487 seconds
Number of updated asset objects reloaded before import = 0
Number of asset objects unloaded after import = 13
========================================================================
Received Import Request.
  Time since last request: 0.000031 seconds.
  path: Assets/MBCP/Prefabs/Props/Crate_C.prefab
  artifactKey: Guid(b96509c4100d0314ea71250c0643116c) Importer(815301076,1909f56bfc062723c751e8b465ee728b)
Start importing Assets/MBCP/Prefabs/Props/Crate_C.prefab using Guid(b96509c4100d0314ea71250c0643116c) Importer(815301076,1909f56bfc062723c751e8b465ee728b)  -> (artifact id: '15743ce3243d0e36f1b12bc56988e8b9') in 2.065171 seconds
Number of updated asset objects reloaded before import = 0
Number of asset objects unloaded after import = 18
========================================================================
Received Import Request.
  Time since last request: 0.000052 seconds.
  path: Assets/MBCP/Prefabs/Props/Bedcover.prefab
  artifactKey: Guid(49b45403245d8564198d418ef87ffe19) Importer(815301076,1909f56bfc062723c751e8b465ee728b)
Start importing Assets/MBCP/Prefabs/Props/Bedcover.prefab using Guid(49b45403245d8564198d418ef87ffe19) Importer(815301076,1909f56bfc062723c751e8b465ee728b)  -> (artifact id: 'bb0b1dc454e46fe25118d2db9119613e') in 1.666113 seconds
Number of updated asset objects reloaded before import = 0
Number of asset objects unloaded after import = 13
========================================================================
Received Import Request.
  Time since last request: 0.000039 seconds.
  path: Assets/MBCP/Prefabs/Props/Cupboard_A.prefab
  artifactKey: Guid(a456e6e1d2b67064693794567f8de8bb) Importer(815301076,1909f56bfc062723c751e8b465ee728b)
Start importing Assets/MBCP/Prefabs/Props/Cupboard_A.prefab using Guid(a456e6e1d2b67064693794567f8de8bb) Importer(815301076,1909f56bfc062723c751e8b465ee728b)  -> (artifact id: 'd299259698a46a8c538498905ee7eca9') in 0.108300 seconds
Number of updated asset objects reloaded before import = 0
Number of asset objects unloaded after import = 13
========================================================================
Received Import Request.
  Time since last request: 0.000079 seconds.
  path: Assets/MBCP/Prefabs/Props/Bed_B.prefab
  artifactKey: Guid(c01b90f4de0ebee45a4ec1ddde2a6fc1) Importer(815301076,1909f56bfc062723c751e8b465ee728b)
Start importing Assets/MBCP/Prefabs/Props/Bed_B.prefab using Guid(c01b90f4de0ebee45a4ec1ddde2a6fc1) Importer(815301076,1909f56bfc062723c751e8b465ee728b)  -> (artifact id: 'b79b5f2044d5fafed3c49870be3e1913') in 0.357279 seconds
Number of updated asset objects reloaded before import = 0
Number of asset objects unloaded after import = 22
========================================================================
Received Import Request.
  Time since last request: 0.002421 seconds.
  path: Assets/MBCP/Prefabs/Props/Canister_A.prefab
  artifactKey: Guid(ba3afa181b56b4e40a0bd3b565b868ae) Importer(815301076,1909f56bfc062723c751e8b465ee728b)
Start importing Assets/MBCP/Prefabs/Props/Canister_A.prefab using Guid(ba3afa181b56b4e40a0bd3b565b868ae) Importer(815301076,1909f56bfc062723c751e8b465ee728b)  -> (artifact id: '604351001da1eb07153684b14a43bb4b') in 0.122701 seconds
Number of updated asset objects reloaded before import = 0
Number of asset objects unloaded after import = 22
========================================================================
Received Import Request.
  Time since last request: 0.000029 seconds.
  path: Assets/MBCP/Prefabs/Props/Barrel4.prefab
  artifactKey: Guid(2e72964dc9f28e147be652175f1303f6) Importer(815301076,1909f56bfc062723c751e8b465ee728b)
Start importing Assets/MBCP/Prefabs/Props/Barrel4.prefab using Guid(2e72964dc9f28e147be652175f1303f6) Importer(815301076,1909f56bfc062723c751e8b465ee728b)  -> (artifact id: '34ccbf53c0c71b32325c0fce98d5a4db') in 0.407205 seconds
Number of updated asset objects reloaded before import = 0
Number of asset objects unloaded after import = 14
========================================================================
Received Import Request.
  Time since last request: 0.000023 seconds.
  path: Assets/MBCP/Prefabs/Props/Cinderblock.prefab
  artifactKey: Guid(7c5cfa238aab97943a4d4bc63ec65c9b) Importer(815301076,1909f56bfc062723c751e8b465ee728b)
Start importing Assets/MBCP/Prefabs/Props/Cinderblock.prefab using Guid(7c5cfa238aab97943a4d4bc63ec65c9b) Importer(815301076,1909f56bfc062723c751e8b465ee728b)  -> (artifact id: '20a8b9714bffa68327775f88578a9ebf') in 0.093536 seconds
Number of updated asset objects reloaded before import = 0
Number of asset objects unloaded after import = 13
========================================================================
Received Import Request.
  Time since last request: 0.000047 seconds.
  path: Assets/MBCP/Prefabs/Props/Bottle6.prefab
  artifactKey: Guid(66cdd5c98ad1d4e48b0770cccea0955c) Importer(815301076,1909f56bfc062723c751e8b465ee728b)
Start importing Assets/MBCP/Prefabs/Props/Bottle6.prefab using Guid(66cdd5c98ad1d4e48b0770cccea0955c) Importer(815301076,1909f56bfc062723c751e8b465ee728b)  -> (artifact id: '83afafc1217894d279498b2fc2467834') in 0.391968 seconds
Number of updated asset objects reloaded before import = 0
Number of asset objects unloaded after import = 23
========================================================================
Received Import Request.
  Time since last request: 0.000031 seconds.
  path: Assets/MBCP/Prefabs/Props/Bottle1.prefab
  artifactKey: Guid(5235c0828e168f64a92dc201f7c338d5) Importer(815301076,1909f56bfc062723c751e8b465ee728b)
Start importing Assets/MBCP/Prefabs/Props/Bottle1.prefab using Guid(5235c0828e168f64a92dc201f7c338d5) Importer(815301076,1909f56bfc062723c751e8b465ee728b)  -> (artifact id: '52f15bcfa27944e0c1ec24e4d81d35ba') in 0.198547 seconds
Number of updated asset objects reloaded before import = 0
Number of asset objects unloaded after import = 13
========================================================================
Received Import Request.
  Time since last request: 0.020466 seconds.
  path: Assets/MBCP/Prefabs/Props/Bottle5.prefab
  artifactKey: Guid(8c9e7eb9e9895ce4e80f15510b7a7951) Importer(815301076,1909f56bfc062723c751e8b465ee728b)
Start importing Assets/MBCP/Prefabs/Props/Bottle5.prefab using Guid(8c9e7eb9e9895ce4e80f15510b7a7951) Importer(815301076,1909f56bfc062723c751e8b465ee728b)  -> (artifact id: '12665363281d3be9b11e04079b96ca71') in 0.290763 seconds
Number of updated asset objects reloaded before import = 0
Number of asset objects unloaded after import = 18
========================================================================
Received Import Request.
  Time since last request: 0.000034 seconds.
  path: Assets/MBCP/Prefabs/Props/Chair_A.prefab
  artifactKey: Guid(d1f1300c5e8b58348a238c448da5ce57) Importer(815301076,1909f56bfc062723c751e8b465ee728b)
Start importing Assets/MBCP/Prefabs/Props/Chair_A.prefab using Guid(d1f1300c5e8b58348a238c448da5ce57) Importer(815301076,1909f56bfc062723c751e8b465ee728b)  -> (artifact id: 'bb7b742aa1b6b661e3865d8e03bca775') in 0.207470 seconds
Number of updated asset objects reloaded before import = 0
Number of asset objects unloaded after import = 14
========================================================================
Received Import Request.
  Time since last request: 0.000249 seconds.
  path: Assets/MBCP/Prefabs/Props/Bottle7.prefab
  artifactKey: Guid(988ae1231bd7331499935205bce5f003) Importer(815301076,1909f56bfc062723c751e8b465ee728b)
Start importing Assets/MBCP/Prefabs/Props/Bottle7.prefab using Guid(988ae1231bd7331499935205bce5f003) Importer(815301076,1909f56bfc062723c751e8b465ee728b)  -> (artifact id: '58ed2c0be8ae9dc48a98db82b5627b20') in 0.779617 seconds
Number of updated asset objects reloaded before import = 0
Number of asset objects unloaded after import = 21
========================================================================
Received Import Request.
  Time since last request: 0.000049 seconds.
  path: Assets/MBCP/Prefabs/Props/Barrel3.prefab
  artifactKey: Guid(542cef87e2baab3468e5fea6a5270c11) Importer(815301076,1909f56bfc062723c751e8b465ee728b)
Start importing Assets/MBCP/Prefabs/Props/Barrel3.prefab using Guid(542cef87e2baab3468e5fea6a5270c11) Importer(815301076,1909f56bfc062723c751e8b465ee728b)  -> (artifact id: '2b99e918876253f0dbda4aa3cdcd25e0') in 0.096349 seconds
Number of updated asset objects reloaded before import = 0
Number of asset objects unloaded after import = 14
========================================================================
Received Import Request.
  Time since last request: 0.000044 seconds.
  path: Assets/MBCP/Prefabs/Props/Canister_B.prefab
  artifactKey: Guid(a6511d7151cea6a439d472c84e1c3380) Importer(815301076,1909f56bfc062723c751e8b465ee728b)
Start importing Assets/MBCP/Prefabs/Props/Canister_B.prefab using Guid(a6511d7151cea6a439d472c84e1c3380) Importer(815301076,1909f56bfc062723c751e8b465ee728b)  -> (artifact id: 'bf748b1879fa2a3eaab8a04fae279628') in 0.084541 seconds
Number of updated asset objects reloaded before import = 0
Number of asset objects unloaded after import = 22
========================================================================
Received Import Request.
  Time since last request: 0.000028 seconds.
  path: Assets/MBCP/Prefabs/Props/Bed_A.prefab
  artifactKey: Guid(b4700c66c8faa5a4ab0fdc893c578609) Importer(815301076,1909f56bfc062723c751e8b465ee728b)
Start importing Assets/MBCP/Prefabs/Props/Bed_A.prefab using Guid(b4700c66c8faa5a4ab0fdc893c578609) Importer(815301076,1909f56bfc062723c751e8b465ee728b)  -> (artifact id: 'c96149772277550514b4f53bc24780af') in 0.128032 seconds
Number of updated asset objects reloaded before import = 0
Number of asset objects unloaded after import = 22
========================================================================
Received Import Request.
  Time since last request: 0.000033 seconds.
  path: Assets/MBCP/Prefabs/Props/Chair_C.prefab
  artifactKey: Guid(1d97408b17129fc4e86be507cb5feb4e) Importer(815301076,1909f56bfc062723c751e8b465ee728b)
Start importing Assets/MBCP/Prefabs/Props/Chair_C.prefab using Guid(1d97408b17129fc4e86be507cb5feb4e) Importer(815301076,1909f56bfc062723c751e8b465ee728b)  -> (artifact id: 'ef77a14bcc860312bf35d586f580d079') in 0.139953 seconds
Number of updated asset objects reloaded before import = 0
Number of asset objects unloaded after import = 14
========================================================================
Received Import Request.
  Time since last request: 0.000047 seconds.
  path: Assets/MBCP/Prefabs/Props/Bench.prefab
  artifactKey: Guid(991393c4be68ac043a450c0655f03674) Importer(815301076,1909f56bfc062723c751e8b465ee728b)
Start importing Assets/MBCP/Prefabs/Props/Bench.prefab using Guid(991393c4be68ac043a450c0655f03674) Importer(815301076,1909f56bfc062723c751e8b465ee728b)  -> (artifact id: 'a77569e3fcdc01e6dcfc05771f381e22') in 0.265699 seconds
Number of updated asset objects reloaded before import = 0
Number of asset objects unloaded after import = 13
========================================================================
Received Import Request.
  Time since last request: 75.162448 seconds.
  path: Assets/MBCP/Prefabs/Props/Desk_C.prefab
  artifactKey: Guid(e86b5258b2f83d944a459e64e33ddd20) Importer(815301076,1909f56bfc062723c751e8b465ee728b)
Start importing Assets/MBCP/Prefabs/Props/Desk_C.prefab using Guid(e86b5258b2f83d944a459e64e33ddd20) Importer(815301076,1909f56bfc062723c751e8b465ee728b)  -> (artifact id: '47e90668b32cfbbe6b403947e8223315') in 0.186680 seconds
Number of updated asset objects reloaded before import = 0
Number of asset objects unloaded after import = 56
========================================================================
Received Import Request.
  Time since last request: 0.000029 seconds.
  path: Assets/MBCP/Prefabs/Props/Plate.prefab
  artifactKey: Guid(9246ac6cd2b32b2429c0531c18014125) Importer(815301076,1909f56bfc062723c751e8b465ee728b)
Start importing Assets/MBCP/Prefabs/Props/Plate.prefab using Guid(9246ac6cd2b32b2429c0531c18014125) Importer(815301076,1909f56bfc062723c751e8b465ee728b)  -> (artifact id: '986728bf195d4b73fea6dd90bc835ee3') in 0.079211 seconds
Number of updated asset objects reloaded before import = 0
Number of asset objects unloaded after import = 13
========================================================================
Received Import Request.
  Time since last request: 0.000047 seconds.
  path: Assets/MBCP/Prefabs/Props/Machine_D.prefab
  artifactKey: Guid(89693c62fc7f98844a673daa8011cfd0) Importer(815301076,1909f56bfc062723c751e8b465ee728b)
Start importing Assets/MBCP/Prefabs/Props/Machine_D.prefab using Guid(89693c62fc7f98844a673daa8011cfd0) Importer(815301076,1909f56bfc062723c751e8b465ee728b)  -> (artifact id: 'e0194e959d074973ddd56766e1b95ae2') in 0.839813 seconds
Number of updated asset objects reloaded before import = 0
Number of asset objects unloaded after import = 33
========================================================================
Received Import Request.
  Time since last request: 0.000061 seconds.
  path: Assets/MBCP/Prefabs/Props/Shelf_B.prefab
  artifactKey: Guid(c35a6867a21eb8a43af9b4e0e5f8d7fb) Importer(815301076,1909f56bfc062723c751e8b465ee728b)
Start importing Assets/MBCP/Prefabs/Props/Shelf_B.prefab using Guid(c35a6867a21eb8a43af9b4e0e5f8d7fb) Importer(815301076,1909f56bfc062723c751e8b465ee728b)  -> (artifact id: '13d4e9bc09117ee9cce81c5c59bcec97') in 0.097253 seconds
Number of updated asset objects reloaded before import = 0
Number of asset objects unloaded after import = 13
========================================================================
Received Import Request.
  Time since last request: 0.000038 seconds.
  path: Assets/MBCP/Prefabs/Props/Stretcher.prefab
  artifactKey: Guid(4ded66a050798504ea8222dd4c67083c) Importer(815301076,1909f56bfc062723c751e8b465ee728b)
Start importing Assets/MBCP/Prefabs/Props/Stretcher.prefab using Guid(4ded66a050798504ea8222dd4c67083c) Importer(815301076,1909f56bfc062723c751e8b465ee728b)  -> (artifact id: '5fe242d2aa9e19a1c7ca84e0ec9d316d') in 0.215768 seconds
Number of updated asset objects reloaded before import = 0
Number of asset objects unloaded after import = 18
========================================================================
Received Import Request.
  Time since last request: 0.000032 seconds.
  path: Assets/MBCP/Prefabs/Props/Toilet.prefab
  artifactKey: Guid(439c1d4fdc043ef49b84fa687dc032ec) Importer(815301076,1909f56bfc062723c751e8b465ee728b)
Start importing Assets/MBCP/Prefabs/Props/Toilet.prefab using Guid(439c1d4fdc043ef49b84fa687dc032ec) Importer(815301076,1909f56bfc062723c751e8b465ee728b)  -> (artifact id: '7af28869835584276f754aeaf2c4106b') in 0.126494 seconds
Number of updated asset objects reloaded before import = 0
Number of asset objects unloaded after import = 22
========================================================================
Received Import Request.
  Time since last request: 0.000050 seconds.
  path: Assets/MBCP/Prefabs/Props/Machine_B.prefab
  artifactKey: Guid(3c7f7500a5ba0ed458898c0803b47575) Importer(815301076,1909f56bfc062723c751e8b465ee728b)
Start importing Assets/MBCP/Prefabs/Props/Machine_B.prefab using Guid(3c7f7500a5ba0ed458898c0803b47575) Importer(815301076,1909f56bfc062723c751e8b465ee728b)  -> (artifact id: 'c6ee4d624a573f3130e64ac41166c970') in 0.321726 seconds
Number of updated asset objects reloaded before import = 0
Number of asset objects unloaded after import = 33
========================================================================
Received Import Request.
  Time since last request: 0.000034 seconds.
  path: Assets/MBCP/Prefabs/Props/Gauges_1.prefab
  artifactKey: Guid(cef0a306aeb95f248accfc3350d8529d) Importer(815301076,1909f56bfc062723c751e8b465ee728b)
Start importing Assets/MBCP/Prefabs/Props/Gauges_1.prefab using Guid(cef0a306aeb95f248accfc3350d8529d) Importer(815301076,1909f56bfc062723c751e8b465ee728b)  -> (artifact id: 'b034c2aff719dea0009308202ef706cb') in 0.555146 seconds
Number of updated asset objects reloaded before import = 0
Number of asset objects unloaded after import = 24
========================================================================
Received Import Request.
  Time since last request: 0.000076 seconds.
  path: Assets/MBCP/Prefabs/Props/Fusebox_H.prefab
  artifactKey: Guid(98907de3c324d1b4cba56236b9429611) Importer(815301076,1909f56bfc062723c751e8b465ee728b)
Start importing Assets/MBCP/Prefabs/Props/Fusebox_H.prefab using Guid(98907de3c324d1b4cba56236b9429611) Importer(815301076,1909f56bfc062723c751e8b465ee728b)  -> (artifact id: 'ecc15b4e51b6a1f3db913f7aea8dc159') in 0.246505 seconds
Number of updated asset objects reloaded before import = 0
Number of asset objects unloaded after import = 19
========================================================================
Received Import Request.
  Time since last request: 0.000038 seconds.
  path: Assets/MBCP/Prefabs/Props/Machine_E.prefab
  artifactKey: Guid(f4dca2be113a6d4498788252ffbd0e52) Importer(815301076,1909f56bfc062723c751e8b465ee728b)
Start importing Assets/MBCP/Prefabs/Props/Machine_E.prefab using Guid(f4dca2be113a6d4498788252ffbd0e52) Importer(815301076,1909f56bfc062723c751e8b465ee728b)  -> (artifact id: '43bc38351372d28eeec9824361adc6bc') in 0.403689 seconds
Number of updated asset objects reloaded before import = 0
Number of asset objects unloaded after import = 33
========================================================================
Received Import Request.
  Time since last request: 0.000044 seconds.
  path: Assets/MBCP/Prefabs/Props/Infirmary_Curtains_Closed.prefab
  artifactKey: Guid(25c52c5530c936240bbfc25a85eec067) Importer(815301076,1909f56bfc062723c751e8b465ee728b)
Start importing Assets/MBCP/Prefabs/Props/Infirmary_Curtains_Closed.prefab using Guid(25c52c5530c936240bbfc25a85eec067) Importer(815301076,1909f56bfc062723c751e8b465ee728b)  -> (artifact id: '2eaa54043b4cc34343025c9ea89f91a3') in 0.292756 seconds
Number of updated asset objects reloaded before import = 0
Number of asset objects unloaded after import = 23
========================================================================
Received Import Request.
  Time since last request: 0.000031 seconds.
  path: Assets/MBCP/Prefabs/Props/Fusebox_F.prefab
  artifactKey: Guid(b494b7e2fcd8e6a49953058e029f53c6) Importer(815301076,1909f56bfc062723c751e8b465ee728b)
Start importing Assets/MBCP/Prefabs/Props/Fusebox_F.prefab using Guid(b494b7e2fcd8e6a49953058e029f53c6) Importer(815301076,1909f56bfc062723c751e8b465ee728b)  -> (artifact id: '192f0b47a4072a1876eaf7249e6a5d4e') in 0.226169 seconds
Number of updated asset objects reloaded before import = 0
Number of asset objects unloaded after import = 18
========================================================================
Received Import Request.
  Time since last request: 0.000043 seconds.
  path: Assets/MBCP/Prefabs/Props/Locker_B_Row.prefab
  artifactKey: Guid(006f8c97b14bc834a9edcdd56819c3fe) Importer(815301076,1909f56bfc062723c751e8b465ee728b)
Start importing Assets/MBCP/Prefabs/Props/Locker_B_Row.prefab using Guid(006f8c97b14bc834a9edcdd56819c3fe) Importer(815301076,1909f56bfc062723c751e8b465ee728b)  -> (artifact id: 'b3f9111dafa219ad6b328c555941ea4b') in 0.094272 seconds
Number of updated asset objects reloaded before import = 0
Number of asset objects unloaded after import = 31
========================================================================
Received Import Request.
  Time since last request: 0.000034 seconds.
  path: Assets/MBCP/Prefabs/Props/Jerrycan.prefab
  artifactKey: Guid(5a3d0ec74262e34448c93a86f2bc0ce3) Importer(815301076,1909f56bfc062723c751e8b465ee728b)
Start importing Assets/MBCP/Prefabs/Props/Jerrycan.prefab using Guid(5a3d0ec74262e34448c93a86f2bc0ce3) Importer(815301076,1909f56bfc062723c751e8b465ee728b)  -> (artifact id: '17762cce926eb0c2d8422f404e626647') in 0.124129 seconds
Number of updated asset objects reloaded before import = 0
Number of asset objects unloaded after import = 13
========================================================================
Received Import Request.
  Time since last request: 0.000058 seconds.
  path: Assets/MBCP/Prefabs/Props/Watertank_C.prefab
  artifactKey: Guid(3c45ea420b8c89e42999c3a5acde9b00) Importer(815301076,1909f56bfc062723c751e8b465ee728b)
Start importing Assets/MBCP/Prefabs/Props/Watertank_C.prefab using Guid(3c45ea420b8c89e42999c3a5acde9b00) Importer(815301076,1909f56bfc062723c751e8b465ee728b)  -> (artifact id: '0d1238da44243b14311cdcf1893bf434') in 0.249924 seconds
Number of updated asset objects reloaded before import = 0
Number of asset objects unloaded after import = 19
========================================================================
Received Import Request.
  Time since last request: 0.000050 seconds.
  path: Assets/MBCP/Prefabs/Props/Padlock.prefab
  artifactKey: Guid(9eabbcc3af8f0894488a559c954ebb30) Importer(815301076,1909f56bfc062723c751e8b465ee728b)
Start importing Assets/MBCP/Prefabs/Props/Padlock.prefab using Guid(9eabbcc3af8f0894488a559c954ebb30) Importer(815301076,1909f56bfc062723c751e8b465ee728b)  -> (artifact id: '025565ad5573dd73a0735c7719e18bdb') in 0.087687 seconds
Number of updated asset objects reloaded before import = 0
Number of asset objects unloaded after import = 13
========================================================================
Received Import Request.
  Time since last request: 0.000033 seconds.
  path: Assets/MBCP/Prefabs/Props/Machine_C.prefab
  artifactKey: Guid(585f84e81038eb3499beeed5984854be) Importer(815301076,1909f56bfc062723c751e8b465ee728b)
Start importing Assets/MBCP/Prefabs/Props/Machine_C.prefab using Guid(585f84e81038eb3499beeed5984854be) Importer(815301076,1909f56bfc062723c751e8b465ee728b)  -> (artifact id: '515b156fd8001b523c2d7dc6b6e81a15') in 0.319864 seconds
Number of updated asset objects reloaded before import = 0
Number of asset objects unloaded after import = 33
========================================================================
Received Import Request.
  Time since last request: 0.000028 seconds.
  path: Assets/MBCP/Prefabs/Props/Machine_2.prefab
  artifactKey: Guid(09706734d13b250448745a2a1905e187) Importer(815301076,1909f56bfc062723c751e8b465ee728b)
Start importing Assets/MBCP/Prefabs/Props/Machine_2.prefab using Guid(09706734d13b250448745a2a1905e187) Importer(815301076,1909f56bfc062723c751e8b465ee728b)  -> (artifact id: 'c2c6acb681f5d59d3a9c77f98fe18a3d') in 0.267531 seconds
Number of updated asset objects reloaded before import = 0
Number of asset objects unloaded after import = 24
========================================================================
Received Import Request.
  Time since last request: 0.000064 seconds.
  path: Assets/MBCP/Prefabs/Props/Table_A.prefab
  artifactKey: Guid(dac1d8f410d4d674abdf186d59f7bf0a) Importer(815301076,1909f56bfc062723c751e8b465ee728b)
Start importing Assets/MBCP/Prefabs/Props/Table_A.prefab using Guid(dac1d8f410d4d674abdf186d59f7bf0a) Importer(815301076,1909f56bfc062723c751e8b465ee728b)  -> (artifact id: '04e647f898509c2d8aeed473d5b0b217') in 0.118565 seconds
Number of updated asset objects reloaded before import = 0
Number of asset objects unloaded after import = 13
========================================================================
Received Import Request.
  Time since last request: 0.000027 seconds.
  path: Assets/MBCP/Prefabs/Props/Medical Cabinet.prefab
  artifactKey: Guid(bd474ddc0727bd04f9b44f0b890b8595) Importer(815301076,1909f56bfc062723c751e8b465ee728b)
Start importing Assets/MBCP/Prefabs/Props/Medical Cabinet.prefab using Guid(bd474ddc0727bd04f9b44f0b890b8595) Importer(815301076,1909f56bfc062723c751e8b465ee728b)  -> (artifact id: 'de666e1d538a4fd258b0d73d5aa3fb04') in 0.201987 seconds
Number of updated asset objects reloaded before import = 0
Number of asset objects unloaded after import = 18
========================================================================
Received Import Request.
  Time since last request: 0.000035 seconds.
  path: Assets/MBCP/Prefabs/Props/Fusebox_C.prefab
  artifactKey: Guid(5a22ab97581ca9442ad01f3554c37149) Importer(815301076,1909f56bfc062723c751e8b465ee728b)
Start importing Assets/MBCP/Prefabs/Props/Fusebox_C.prefab using Guid(5a22ab97581ca9442ad01f3554c37149) Importer(815301076,1909f56bfc062723c751e8b465ee728b)  -> (artifact id: '32385146970521829a102ef20719bc24') in 0.109008 seconds
Number of updated asset objects reloaded before import = 0
Number of asset objects unloaded after import = 13
========================================================================
Received Import Request.
  Time since last request: 0.000060 seconds.
  path: Assets/MBCP/Prefabs/Props/Fusebox_G.prefab
  artifactKey: Guid(5ef58180dde6efc4f801289116e08474) Importer(815301076,1909f56bfc062723c751e8b465ee728b)
Start importing Assets/MBCP/Prefabs/Props/Fusebox_G.prefab using Guid(5ef58180dde6efc4f801289116e08474) Importer(815301076,1909f56bfc062723c751e8b465ee728b)  -> (artifact id: 'e689bd434d4c5a56437c155e6ff5617f') in 0.257837 seconds
Number of updated asset objects reloaded before import = 0
Number of asset objects unloaded after import = 19
========================================================================
Received Import Request.
  Time since last request: 420.076436 seconds.
  path: Assets/MBCP/Prefabs/Props/Desk_C.prefab
  artifactKey: Guid(e86b5258b2f83d944a459e64e33ddd20) Importer(815301076,1909f56bfc062723c751e8b465ee728b)
Start importing Assets/MBCP/Prefabs/Props/Desk_C.prefab using Guid(e86b5258b2f83d944a459e64e33ddd20) Importer(815301076,1909f56bfc062723c751e8b465ee728b)  -> (artifact id: 'bc2b07ca8cc58b8b32fbb5624ce34f02') in 0.250809 seconds
Number of updated asset objects reloaded before import = 0
Number of asset objects unloaded after import = 56
========================================================================
Received Import Request.
  Time since last request: 0.000041 seconds.
  path: Assets/MBCP/Prefabs/Props/Generator.prefab
  artifactKey: Guid(ca8ae24d493d4fa4984b9b0fbaa9d474) Importer(815301076,1909f56bfc062723c751e8b465ee728b)
Start importing Assets/MBCP/Prefabs/Props/Generator.prefab using Guid(ca8ae24d493d4fa4984b9b0fbaa9d474) Importer(815301076,1909f56bfc062723c751e8b465ee728b)  -> (artifact id: 'e8e3253d0471abc93024bf17f36bf4b4') in 0.608268 seconds
Number of updated asset objects reloaded before import = 0
Number of asset objects unloaded after import = 48
========================================================================
Received Import Request.
  Time since last request: 0.000039 seconds.
  path: Assets/MBCP/Prefabs/Props/Medical_Table.prefab
  artifactKey: Guid(21df5148d51dfd645837af1410aefd4d) Importer(815301076,1909f56bfc062723c751e8b465ee728b)
Start importing Assets/MBCP/Prefabs/Props/Medical_Table.prefab using Guid(21df5148d51dfd645837af1410aefd4d) Importer(815301076,1909f56bfc062723c751e8b465ee728b)  -> (artifact id: 'a24e584905cb7789e1bf0c5a834812d0') in 0.542120 seconds
Number of updated asset objects reloaded before import = 0
Number of asset objects unloaded after import = 29
========================================================================
Received Import Request.
  Time since last request: 0.000038 seconds.
  path: Assets/MBCP/Prefabs/Props/Gauges_1.prefab
  artifactKey: Guid(cef0a306aeb95f248accfc3350d8529d) Importer(815301076,1909f56bfc062723c751e8b465ee728b)
Start importing Assets/MBCP/Prefabs/Props/Gauges_1.prefab using Guid(cef0a306aeb95f248accfc3350d8529d) Importer(815301076,1909f56bfc062723c751e8b465ee728b)  -> (artifact id: '0ea6c5fdb27e845b96ba7e12232d4a32') in 0.524600 seconds
Number of updated asset objects reloaded before import = 0
Number of asset objects unloaded after import = 24
========================================================================
Received Import Request.
  Time since last request: 0.000102 seconds.
  path: Assets/MBCP/Prefabs/Props/Machine_1.prefab
  artifactKey: Guid(aef152326715a2e4e9be1024e0a8660e) Importer(815301076,1909f56bfc062723c751e8b465ee728b)
Start importing Assets/MBCP/Prefabs/Props/Machine_1.prefab using Guid(aef152326715a2e4e9be1024e0a8660e) Importer(815301076,1909f56bfc062723c751e8b465ee728b)  -> (artifact id: 'f87db410551a3c9774289f790480e8a6') in 0.279010 seconds
Number of updated asset objects reloaded before import = 0
Number of asset objects unloaded after import = 24
========================================================================
Received Import Request.
  Time since last request: 0.000038 seconds.
  path: Assets/MBCP/Prefabs/Props/Fusebox_F.prefab
  artifactKey: Guid(b494b7e2fcd8e6a49953058e029f53c6) Importer(815301076,1909f56bfc062723c751e8b465ee728b)
Start importing Assets/MBCP/Prefabs/Props/Fusebox_F.prefab using Guid(b494b7e2fcd8e6a49953058e029f53c6) Importer(815301076,1909f56bfc062723c751e8b465ee728b)  -> (artifact id: '7be4eb5ec00d7646bd2e035069956738') in 0.219257 seconds
Number of updated asset objects reloaded before import = 0
Number of asset objects unloaded after import = 18
========================================================================
Received Import Request.
  Time since last request: 0.000036 seconds.
  path: Assets/MBCP/Prefabs/Props/Machine_C.prefab
  artifactKey: Guid(585f84e81038eb3499beeed5984854be) Importer(815301076,1909f56bfc062723c751e8b465ee728b)
Start importing Assets/MBCP/Prefabs/Props/Machine_C.prefab using Guid(585f84e81038eb3499beeed5984854be) Importer(815301076,1909f56bfc062723c751e8b465ee728b)  -> (artifact id: '54783740e874f90f8510cc20079ac030') in 0.294513 seconds
Number of updated asset objects reloaded before import = 0
Number of asset objects unloaded after import = 33
========================================================================
Received Import Request.
  Time since last request: 0.000035 seconds.
  path: Assets/MBCP/Prefabs/Props/Fusebox_G.prefab
  artifactKey: Guid(5ef58180dde6efc4f801289116e08474) Importer(815301076,1909f56bfc062723c751e8b465ee728b)
Start importing Assets/MBCP/Prefabs/Props/Fusebox_G.prefab using Guid(5ef58180dde6efc4f801289116e08474) Importer(815301076,1909f56bfc062723c751e8b465ee728b)  -> (artifact id: 'c130dba16ac9bd550e195612920f8d02') in 0.212163 seconds
Number of updated asset objects reloaded before import = 0
Number of asset objects unloaded after import = 19
========================================================================
Received Import Request.
  Time since last request: 1010.989988 seconds.
  path: Assets/MBCP/Prefabs/Props/Stretcher.prefab
  artifactKey: Guid(4ded66a050798504ea8222dd4c67083c) Importer(815301076,1909f56bfc062723c751e8b465ee728b)
Start importing Assets/MBCP/Prefabs/Props/Stretcher.prefab using Guid(4ded66a050798504ea8222dd4c67083c) Importer(815301076,1909f56bfc062723c751e8b465ee728b)  -> (artifact id: 'a02db1e39e1003fe7b94703ecf9b8e11') in 0.515293 seconds
Number of updated asset objects reloaded before import = 0
Number of asset objects unloaded after import = 18
========================================================================
Received Import Request.
  Time since last request: 55.983671 seconds.
  path: Assets/MBCP/Source/Sounds/elevatorMoving.wav
  artifactKey: Guid(190bc34be59b6d9479709f2f811d6000) Importer(815301076,1909f56bfc062723c751e8b465ee728b)
Start importing Assets/MBCP/Source/Sounds/elevatorMoving.wav using Guid(190bc34be59b6d9479709f2f811d6000) Importer(815301076,1909f56bfc062723c751e8b465ee728b)  -> (artifact id: 'fb5e615fe3b2543f4f2282c165149e85') in 0.129651 seconds
Number of updated asset objects reloaded before import = 0
Number of asset objects unloaded after import = 2
========================================================================
Received Import Request.
  Time since last request: 0.000039 seconds.
  path: Assets/Audio and Fonts/Audio/Footstep.mp3
  artifactKey: Guid(801e9c364e6be6b439c2712a898a430e) Importer(815301076,1909f56bfc062723c751e8b465ee728b)
Start importing Assets/Audio and Fonts/Audio/Footstep.mp3 using Guid(801e9c364e6be6b439c2712a898a430e) Importer(815301076,1909f56bfc062723c751e8b465ee728b)  -> (artifact id: 'ea91a10291433aaf638232a81cc8ca06') in 0.043690 seconds
Number of updated asset objects reloaded before import = 0
Number of asset objects unloaded after import = 2
========================================================================
Received Import Request.
  Time since last request: 0.000230 seconds.
  path: Assets/Audio and Fonts/Audio/Gun Machine Gun 434.mp3
  artifactKey: Guid(5a2e958ae4c25624b847570a44317fdd) Importer(815301076,1909f56bfc062723c751e8b465ee728b)
Start importing Assets/Audio and Fonts/Audio/Gun Machine Gun 434.mp3 using Guid(5a2e958ae4c25624b847570a44317fdd) Importer(815301076,1909f56bfc062723c751e8b465ee728b)  -> (artifact id: '51fc69f31d3cd40a3c359e9149d0373a') in 0.032761 seconds
Number of updated asset objects reloaded before import = 0
Number of asset objects unloaded after import = 2
========================================================================
Received Import Request.
  Time since last request: 0.000024 seconds.
  path: Assets/Audio and Fonts/Audio/Objective Complete.wav
  artifactKey: Guid(af009b7dcfae6554d93200fe45ea4c0f) Importer(815301076,1909f56bfc062723c751e8b465ee728b)
Start importing Assets/Audio and Fonts/Audio/Objective Complete.wav using Guid(af009b7dcfae6554d93200fe45ea4c0f) Importer(815301076,1909f56bfc062723c751e8b465ee728b)  -> (artifact id: '32da3b011dd87ba6a6800a6b97c70483') in 0.060946 seconds
Number of updated asset objects reloaded before import = 0
Number of asset objects unloaded after import = 2
========================================================================
Received Import Request.
  Time since last request: 0.000025 seconds.
  path: Assets/Audio and Fonts/Audio/Gun Machine Gun 444.mp3
  artifactKey: Guid(750f938a80bb50a4191a946fb5035adb) Importer(815301076,1909f56bfc062723c751e8b465ee728b)
Start importing Assets/Audio and Fonts/Audio/Gun Machine Gun 444.mp3 using Guid(750f938a80bb50a4191a946fb5035adb) Importer(815301076,1909f56bfc062723c751e8b465ee728b)  -> (artifact id: 'c693abf4ff2829894d68710a0d71f4a5') in 0.057472 seconds
Number of updated asset objects reloaded before import = 0
Number of asset objects unloaded after import = 2
========================================================================
Received Import Request.
  Time since last request: 0.000029 seconds.
  path: Assets/Audio and Fonts/Audio/Gun Machine Gun 353.mp3
  artifactKey: Guid(60c4fb6b2465f244ebccae46e6c3f987) Importer(815301076,1909f56bfc062723c751e8b465ee728b)
Start importing Assets/Audio and Fonts/Audio/Gun Machine Gun 353.mp3 using Guid(60c4fb6b2465f244ebccae46e6c3f987) Importer(815301076,1909f56bfc062723c751e8b465ee728b)  -> (artifact id: '12f8361c42d89dcd1d154741a3468b69') in 0.480012 seconds
Number of updated asset objects reloaded before import = 0
Number of asset objects unloaded after import = 2
========================================================================
Received Import Request.
  Time since last request: 0.000024 seconds.
  path: Assets/Audio and Fonts/Audio/HealthPickup.mp3
  artifactKey: Guid(125a341f5a7e3374a97a25db8196922a) Importer(815301076,1909f56bfc062723c751e8b465ee728b)
Start importing Assets/Audio and Fonts/Audio/HealthPickup.mp3 using Guid(125a341f5a7e3374a97a25db8196922a) Importer(815301076,1909f56bfc062723c751e8b465ee728b)  -> (artifact id: 'b21efbf3d633e458bfd36eaa2ab5054a') in 0.029959 seconds
Number of updated asset objects reloaded before import = 0
Number of asset objects unloaded after import = 2
